#
# A fatal error has been detected by the Java Runtime Environment:
#
#  EXCEPTION_ACCESS_VIOLATION (0xc0000005) at pc=0x00007ffea284c91b, pid=12672, tid=13572
#
# JRE version: OpenJDK Runtime Environment Temurin-21.0.6+7 (21.0.6+7) (build 21.0.6+7-LTS)
# Java VM: OpenJDK 64-Bit Server VM Temurin-21.0.6+7 (21.0.6+7-LTS, mixed mode, sharing, tiered, compressed oops, compressed class ptrs, parallel gc, windows-amd64)
# Problematic frame:
# V  [jvm.dll+0x8c91b]
#
# No core dump will be written. Minidumps are not enabled by default on client versions of Windows
#
# If you would like to submit a bug report, please visit:
#   https://github.com/adoptium/adoptium-support/issues
#

---------------  S U M M A R Y ------------

Command Line: --add-modules=ALL-SYSTEM --add-opens=java.base/java.util=ALL-UNNAMED --add-opens=java.base/java.lang=ALL-UNNAMED --add-opens=java.base/sun.nio.fs=ALL-UNNAMED -Declipse.application=org.eclipse.jdt.ls.core.id1 -Dosgi.bundles.defaultStartLevel=4 -Declipse.product=org.eclipse.jdt.ls.core.product -Djava.import.generatesMetadataFilesAtProjectRoot=false -DDetectVMInstallationsJob.disabled=true -Dfile.encoding=utf8 -XX:+UseParallelGC -XX:GCTimeRatio=4 -XX:AdaptiveSizePolicyWeight=90 -Dsun.zip.disableMemoryMapping=true -Xmx1G -Xms100m -Xlog:disable -javaagent:c:\Users\Admin\.vscode\extensions\redhat.java-1.41.1-win32-x64\lombok\lombok-1.18.36.jar -XX:+HeapDumpOnOutOfMemoryError -XX:HeapDumpPath=c:\Users\Admin\AppData\Roaming\Code\User\workspaceStorage\d55681dca5a2d117a1276186af68cbd8\redhat.java -Daether.dependencyCollector.impl=bf c:\Users\Admin\.vscode\extensions\redhat.java-1.41.1-win32-x64\server\plugins\org.eclipse.equinox.launcher_1.7.0.v20250331-1702.jar -configuration c:\Users\Admin\AppData\Roaming\Code\User\globalStorage\redhat.java\1.41.1\config_win -data c:\Users\Admin\AppData\Roaming\Code\User\workspaceStorage\d55681dca5a2d117a1276186af68cbd8\redhat.java\jdt_ws --pipe=\\.\pipe\lsp-95c81160ed7ace31d9d42c40b6ebda7a-sock

Host: Intel(R) Core(TM) i7-14700HX, 28 cores, 31G,  Windows 11 , 64 bit Build 26100 (10.0.26100.3912)
Time: Thu May 15 12:12:34 2025 SE Asia Standard Time elapsed time: 563.198600 seconds (0d 0h 9m 23s)

---------------  T H R E A D  ---------------

Current thread (0x0000020d9826ab20):  JavaThread "C2 CompilerThread0" daemon [_thread_in_native, id=13572, stack(0x0000005ead400000,0x0000005ead500000) (1024K)]


Current CompileTask:
C2:563198 17409       4       org.eclipse.jdt.internal.compiler.lookup.LookupEnvironment$CompleteTypeBindingsSteps::perform (108 bytes)

Stack: [0x0000005ead400000,0x0000005ead500000],  sp=0x0000005ead4fc750,  free space=1009k
Native frames: (J=compiled Java code, j=interpreted, Vv=VM code, C=native code)
V  [jvm.dll+0x8c91b]
V  [jvm.dll+0x6a999c]
V  [jvm.dll+0x657065]
V  [jvm.dll+0x65c89d]
V  [jvm.dll+0x65be9c]
V  [jvm.dll+0x65d7cf]
V  [jvm.dll+0x65bb6e]
V  [jvm.dll+0x247875]
V  [jvm.dll+0x246fcf]
V  [jvm.dll+0x1c75ee]
V  [jvm.dll+0x25685a]
V  [jvm.dll+0x254dfa]
V  [jvm.dll+0x3f0256]
V  [jvm.dll+0x851f8b]
V  [jvm.dll+0x6cc5ed]
C  [ucrtbase.dll+0x37b0]
C  [KERNEL32.DLL+0x2e8d7]
C  [ntdll.dll+0x9c5dc]


siginfo: EXCEPTION_ACCESS_VIOLATION (0xc0000005), reading address 0xffffffffffffffff


Registers:
RAX=0x187e8b4500000002, RBX=0x00007ffea2e1c89d, RCX=0x000000000002003d, RDX=0x000000000002003d
RSP=0x0000005ead4fc750, RBP=0x0000005ead4fcdc0, RSI=0x0000000000000001, RDI=0x0000020da0c7e1c0
R8 =0x00007ffea2e1c89d, R9 =0x0000000000000000, R10=0x0000005ead4fe130, R11=0x0000000000000000
R12=0x0000005ead4fc808, R13=0x0000020da184f350, R14=0x0000000000000434, R15=0x0000020da4a52f20
RIP=0x00007ffea284c91b, EFLAGS=0x0000000000010203

XMM[0]=0x0000000000000000 0x0000000000000000
XMM[1]=0x000000000000000a 0x0000000000000000
XMM[2]=0x0000020da0c7b600 0x0000020da0c7be60
XMM[3]=0x0000000000000000 0x0000000000000000
XMM[4]=0x0000000000000000 0x0000000000000000
XMM[5]=0x0000020da0c79228 0x0000020d9f3c3658
XMM[6]=0x0000000000000000 0x0000000000000000
XMM[7]=0x0000000000000000 0x0000000000000000
XMM[8]=0x0000000000000000 0x0000000000000000
XMM[9]=0x0000000000000000 0x0000000000000000
XMM[10]=0x0000000000000000 0x0000000000000000
XMM[11]=0x0000000000000000 0x0000000000000000
XMM[12]=0x0000000000000000 0x0000000000000000
XMM[13]=0x0000000000000000 0x0000000000000000
XMM[14]=0x0000000000000000 0x0000000000000000
XMM[15]=0x0000000000000000 0x0000000000000000
  MXCSR=0x00001fb2


Register to memory mapping:

RAX=0x187e8b4500000002 is an unknown value
RBX=0x00007ffea2e1c89d jvm.dll
RCX=0x000000000002003d is an unknown value
RDX=0x000000000002003d is an unknown value
RSP=0x0000005ead4fc750 is pointing into the stack for thread: 0x0000020d9826ab20
RBP=0x0000005ead4fcdc0 is pointing into the stack for thread: 0x0000020d9826ab20
RSI=0x0000000000000001 is an unknown value
RDI=0x0000020da0c7e1c0 points into unknown readable memory: 0x00007ffea3162f48 | 48 2f 16 a3 fe 7f 00 00
R8 =0x00007ffea2e1c89d jvm.dll
R9 =0x0 is null
R10=0x0000005ead4fe130 is pointing into the stack for thread: 0x0000020d9826ab20
R11=0x0 is null
R12=0x0000005ead4fc808 is pointing into the stack for thread: 0x0000020d9826ab20
R13=0x0000020da184f350 points into unknown readable memory: 0x0000000000000000 | 00 00 00 00 00 00 00 00
R14=0x0000000000000434 is an unknown value
R15=0x0000020da4a52f20 points into unknown readable memory: 0x00007ffea31bb0e8 | e8 b0 1b a3 fe 7f 00 00

Top of Stack: (sp=0x0000005ead4fc750)
0x0000005ead4fc750:   0000000000000007 0000005ead4fc970
0x0000005ead4fc760:   0000000000000073 00007fff14cdd1df
0x0000005ead4fc770:   00007ffea2e1c89d 00007ffea2e6999c
0x0000005ead4fc780:   0000020da0c7e1c0 0000000000000001
0x0000005ead4fc790:   0000020da18503d8 00000000000010d0
0x0000005ead4fc7a0:   0000020da18503d8 00007ffea2e17065
0x0000005ead4fc7b0:   0000020da0c7e1c0 00000000000010d0
0x0000005ead4fc7c0:   0000020d00000434 0000000000000078
0x0000005ead4fc7d0:   0000020da0c7e1c0 0000005e00000001
0x0000005ead4fc7e0:   0000020da4a52f20 0000005ead4fcdc0
0x0000005ead4fc7f0:   0000000000000000 0000020da18503d8
0x0000005ead4fc800:   0000005ead4fcdd8 00007ffea2e1c89d
0x0000005ead4fc810:   0000020da184f350 0000020da18503d8
0x0000005ead4fc820:   0000005ead4fcdc0 0000000000000001
0x0000005ead4fc830:   0000005ead4fc8c8 0000005ead4fc970
0x0000005ead4fc840:   00000000000027d8 0000020da18503d8
0x0000005ead4fc850:   0000020da1851b38 00007ffea2834b35
0x0000005ead4fc860:   0000000000000000 0000020da4a52f20
0x0000005ead4fc870:   0000020da4a52f20 0000000000000000
0x0000005ead4fc880:   0000005ead4fcdc0 0000000000000006
0x0000005ead4fc890:   0000020da24dfc50 0000000000000000
0x0000005ead4fc8a0:   0000000000000005 00007ffea2e1be9c
0x0000005ead4fc8b0:   0000020d0000fffe 00007ffe00000116
0x0000005ead4fc8c0:   0000000000000001 0000000000000001
0x0000005ead4fc8d0:   0000005ead4fcdc0 0000000000000001
0x0000005ead4fc8e0:   0000005ead4fc978 0000000000000000
0x0000005ead4fc8f0:   00000000000027d8 0000020da18503d8
0x0000005ead4fc900:   0000020da1851b38 0000020da5193bd0
0x0000005ead4fc910:   0000020d00000000 0000020da4a52f20
0x0000005ead4fc920:   0000020da4a52f20 0000005ead4fcdc0
0x0000005ead4fc930:   0000000000000000 0000000000000000
0x0000005ead4fc940:   fffffffffffffff8 0000005ead4fc9a8 

Instructions: (pc=0x00007ffea284c91b)
0x00007ffea284c81b:   09 8e 00 c7 43 38 02 00 00 00 48 89 03 c6 43 3c
0x00007ffea284c82b:   00 c7 43 2c 08 00 00 00 8b 4d 2c 83 e1 0f 80 f9
0x00007ffea284c83b:   09 75 04 83 4b 30 40 4c 89 23 0f 28 05 74 9f b9
0x00007ffea284c84b:   00 0f 11 43 40 0f 28 0d 79 9f b9 00 0f 11 4b 50
0x00007ffea284c85b:   0f 28 05 7e 9f b9 00 0f 11 43 60 0f 28 0d 83 9f
0x00007ffea284c86b:   b9 00 0f 11 4b 70 0f 28 05 88 9f b9 00 0f 11 83
0x00007ffea284c87b:   80 00 00 00 0f 28 0d 8a 9f b9 00 0f 11 8b 90 00
0x00007ffea284c88b:   00 00 c7 83 a0 00 00 00 0f 00 00 00 c7 43 2c 08
0x00007ffea284c89b:   02 00 00 eb 02 33 db 8b 77 18 8d 46 01 89 47 18
0x00007ffea284c8ab:   3b 77 08 72 0a 8b d6 48 8b cf e8 36 cc 61 00 48
0x00007ffea284c8bb:   8b 47 10 48 8b 7c 24 58 48 89 1c f0 48 8b c5 48
0x00007ffea284c8cb:   8b 6c 24 48 48 8b 5c 24 40 48 8b 74 24 50 48 83
0x00007ffea284c8db:   c4 20 41 5f 41 5e 41 5c c3 cc cc cc cc cc cc cc
0x00007ffea284c8eb:   cc cc cc cc cc 48 89 5c 24 08 57 48 83 ec 20 48
0x00007ffea284c8fb:   83 79 10 00 48 8b fa 48 8b d9 74 1b 8b 51 20 3b
0x00007ffea284c90b:   51 24 75 05 e8 3c dc 61 00 8b 4b 20 48 8b 43 10
0x00007ffea284c91b:   48 89 3c c8 ff 43 20 48 8b 5c 24 30 48 83 c4 20
0x00007ffea284c92b:   5f c3 cc cc cc 48 89 5c 24 08 57 48 83 ec 20 48
0x00007ffea284c93b:   8b 01 48 8b d9 ff 90 c8 00 00 00 8d 50 01 48 8b
0x00007ffea284c94b:   43 08 48 8b 0c d0 48 8b 01 ff 50 28 48 8b 13 48
0x00007ffea284c95b:   8b cb 48 8b f8 ff 92 c8 00 00 00 83 c0 02 39 43
0x00007ffea284c96b:   18 77 0e 48 8b c7 48 8b 5c 24 30 48 83 c4 20 5f
0x00007ffea284c97b:   c3 48 8b 03 48 8b cb ff 90 c8 00 00 00 8d 48 02
0x00007ffea284c98b:   48 8b 43 08 48 8b 0c c8 48 8b 01 ff 50 28 45 33
0x00007ffea284c99b:   c0 48 8b cf 48 8b d0 48 8b 5c 24 30 48 83 c4 20
0x00007ffea284c9ab:   5f e9 cf c6 7d 00 cc cc cc cc cc cc cc cc cc cc
0x00007ffea284c9bb:   cc cc cc cc cc 48 8b 41 60 c3 cc cc cc cc cc cc
0x00007ffea284c9cb:   cc cc cc cc cc 48 8b 41 70 c3 cc cc cc cc cc cc
0x00007ffea284c9db:   cc cc cc cc cc 8b 81 a0 00 00 00 c3 cc cc cc cc
0x00007ffea284c9eb:   cc cc cc cc cc 48 89 5c 24 08 48 89 74 24 10 57
0x00007ffea284c9fb:   48 83 ec 20 49 8b f0 8b da 48 8b f9 3b 51 08 72
0x00007ffea284ca0b:   07 8b d3 e8 dd ca 61 00 48 8b 47 10 48 89 34 d8 


Stack slot to memory mapping:

stack at sp + 0 slots: 0x0000000000000007 is an unknown value
stack at sp + 1 slots: 0x0000005ead4fc970 is pointing into the stack for thread: 0x0000020d9826ab20
stack at sp + 2 slots: 0x0000000000000073 is an unknown value
stack at sp + 3 slots: 0x00007fff14cdd1df KERNELBASE.dll
stack at sp + 4 slots: 0x00007ffea2e1c89d jvm.dll
stack at sp + 5 slots: 0x00007ffea2e6999c jvm.dll
stack at sp + 6 slots: 0x0000020da0c7e1c0 points into unknown readable memory: 0x00007ffea3162f48 | 48 2f 16 a3 fe 7f 00 00
stack at sp + 7 slots: 0x0000000000000001 is an unknown value


---------------  P R O C E S S  ---------------

Threads class SMR info:
_java_thread_list=0x0000020d9fcbaf40, length=76, elements={
0x0000020d415aa850, 0x0000020d5599e060, 0x0000020d98250f80, 0x0000020d982590f0,
0x0000020d9825a300, 0x0000020d9825e630, 0x0000020d98264380, 0x0000020d9826ab20,
0x0000020d982981f0, 0x0000020d983976b0, 0x0000020d9f0df450, 0x0000020d9f646eb0,
0x0000020d9f6a4540, 0x0000020d9f6a0df0, 0x0000020d9fee0cc0, 0x0000020da04157b0,
0x0000020d9ff8e190, 0x0000020d9ffd6770, 0x0000020d9ffd4d30, 0x0000020d9ffd6e00,
0x0000020d9ffd53c0, 0x0000020d9ffd5a50, 0x0000020d9ffd4010, 0x0000020da19182f0,
0x0000020da1917c60, 0x0000020da19175d0, 0x0000020da191a3c0, 0x0000020da1916f40,
0x0000020da191aa50, 0x0000020da1919d30, 0x0000020da191b0e0, 0x0000020da19196a0,
0x0000020da191b770, 0x0000020da191be00, 0x0000020da1918980, 0x0000020da191c490,
0x0000020da1919010, 0x0000020da191cb20, 0x0000020da191d1b0, 0x0000020da191d840,
0x0000020da191ded0, 0x0000020da191e560, 0x0000020da1868c50, 0x0000020da18685c0,
0x0000020da186ba40, 0x0000020da186a690, 0x0000020da18692e0, 0x0000020da186ad20,
0x0000020da186cdf0, 0x0000020da186c0d0, 0x0000020da186c760, 0x0000020da186b3b0,
0x0000020da1869970, 0x0000020da4709d40, 0x0000020da470a3d0, 0x0000020da470b780,
0x0000020da4d70220, 0x0000020da4d708b0, 0x0000020da4d6d430, 0x0000020da4d722f0,
0x0000020da4d70f40, 0x0000020da4d715d0, 0x0000020da4d71c60, 0x0000020daa3d8d30,
0x0000020daa3d8010, 0x0000020daa3d6c60, 0x0000020daa3d86a0, 0x0000020daa3d65d0,
0x0000020daa3d7980, 0x0000020daa3d93c0, 0x0000020da214dca0, 0x0000020da2150a90,
0x0000020da214e9c0, 0x0000020da21517b0, 0x0000020da2153880, 0x0000020da21545a0
}

Java Threads: ( => current thread )
  0x0000020d415aa850 JavaThread "main"                              [_thread_blocked, id=3336, stack(0x0000005eaca00000,0x0000005eacb00000) (1024K)]
  0x0000020d5599e060 JavaThread "Reference Handler"          daemon [_thread_blocked, id=11576, stack(0x0000005eace00000,0x0000005eacf00000) (1024K)]
  0x0000020d98250f80 JavaThread "Finalizer"                  daemon [_thread_blocked, id=20336, stack(0x0000005eacf00000,0x0000005ead000000) (1024K)]
  0x0000020d982590f0 JavaThread "Signal Dispatcher"          daemon [_thread_blocked, id=14220, stack(0x0000005ead000000,0x0000005ead100000) (1024K)]
  0x0000020d9825a300 JavaThread "Attach Listener"            daemon [_thread_blocked, id=4540, stack(0x0000005ead100000,0x0000005ead200000) (1024K)]
  0x0000020d9825e630 JavaThread "Service Thread"             daemon [_thread_blocked, id=10900, stack(0x0000005ead200000,0x0000005ead300000) (1024K)]
  0x0000020d98264380 JavaThread "Monitor Deflation Thread"   daemon [_thread_blocked, id=13640, stack(0x0000005ead300000,0x0000005ead400000) (1024K)]
=>0x0000020d9826ab20 JavaThread "C2 CompilerThread0"         daemon [_thread_in_native, id=13572, stack(0x0000005ead400000,0x0000005ead500000) (1024K)]
  0x0000020d982981f0 JavaThread "C1 CompilerThread0"         daemon [_thread_blocked, id=6308, stack(0x0000005ead500000,0x0000005ead600000) (1024K)]
  0x0000020d983976b0 JavaThread "Common-Cleaner"             daemon [_thread_blocked, id=13328, stack(0x0000005ead600000,0x0000005ead700000) (1024K)]
  0x0000020d9f0df450 JavaThread "Notification Thread"        daemon [_thread_blocked, id=14572, stack(0x0000005eadb00000,0x0000005eadc00000) (1024K)]
  0x0000020d9f646eb0 JavaThread "Active Thread: Equinox Container: 99bce3d2-51b7-4b82-b0bd-4e567ebe29a2"        [_thread_blocked, id=13740, stack(0x0000005eae500000,0x0000005eae600000) (1024K)]
  0x0000020d9f6a4540 JavaThread "Refresh Thread: Equinox Container: 99bce3d2-51b7-4b82-b0bd-4e567ebe29a2" daemon [_thread_blocked, id=20092, stack(0x0000005eae700000,0x0000005eae800000) (1024K)]
  0x0000020d9f6a0df0 JavaThread "Framework Event Dispatcher: Equinox Container: 99bce3d2-51b7-4b82-b0bd-4e567ebe29a2" daemon [_thread_blocked, id=5712, stack(0x0000005eae800000,0x0000005eae900000) (1024K)]
  0x0000020d9fee0cc0 JavaThread "Start Level: Equinox Container: 99bce3d2-51b7-4b82-b0bd-4e567ebe29a2" daemon [_thread_blocked, id=8796, stack(0x0000005eae900000,0x0000005eaea00000) (1024K)]
  0x0000020da04157b0 JavaThread "Bundle File Closer"         daemon [_thread_blocked, id=11096, stack(0x0000005eaea00000,0x0000005eaeb00000) (1024K)]
  0x0000020d9ff8e190 JavaThread "SCR Component Actor"        daemon [_thread_blocked, id=15572, stack(0x0000005eaee00000,0x0000005eaef00000) (1024K)]
  0x0000020d9ffd6770 JavaThread "Worker-JM"                         [_thread_blocked, id=10316, stack(0x0000005eaf100000,0x0000005eaf200000) (1024K)]
  0x0000020d9ffd4d30 JavaThread "Java indexing"              daemon [_thread_blocked, id=11188, stack(0x0000005eaf900000,0x0000005eafa00000) (1024K)]
  0x0000020d9ffd6e00 JavaThread "JNA Cleaner"                daemon [_thread_blocked, id=13556, stack(0x0000005eafb00000,0x0000005eafc00000) (1024K)]
  0x0000020d9ffd53c0 JavaThread "Worker-3"                          [_thread_blocked, id=14252, stack(0x0000005eb0000000,0x0000005eb0100000) (1024K)]
  0x0000020d9ffd5a50 JavaThread "Thread-2"                   daemon [_thread_in_native, id=7264, stack(0x0000005eb0100000,0x0000005eb0200000) (1024K)]
  0x0000020d9ffd4010 JavaThread "Thread-3"                   daemon [_thread_in_native, id=6832, stack(0x0000005eb0200000,0x0000005eb0300000) (1024K)]
  0x0000020da19182f0 JavaThread "Thread-4"                   daemon [_thread_in_native, id=11076, stack(0x0000005eb0300000,0x0000005eb0400000) (1024K)]
  0x0000020da1917c60 JavaThread "Thread-5"                   daemon [_thread_in_native, id=11112, stack(0x0000005eb0400000,0x0000005eb0500000) (1024K)]
  0x0000020da19175d0 JavaThread "Thread-6"                   daemon [_thread_in_native, id=6496, stack(0x0000005eb0500000,0x0000005eb0600000) (1024K)]
  0x0000020da191a3c0 JavaThread "Thread-7"                   daemon [_thread_in_native, id=1884, stack(0x0000005eb0600000,0x0000005eb0700000) (1024K)]
  0x0000020da1916f40 JavaThread "Thread-8"                   daemon [_thread_in_native, id=10536, stack(0x0000005eb0700000,0x0000005eb0800000) (1024K)]
  0x0000020da191aa50 JavaThread "Thread-9"                   daemon [_thread_in_native, id=18408, stack(0x0000005eb0800000,0x0000005eb0900000) (1024K)]
  0x0000020da1919d30 JavaThread "Thread-10"                  daemon [_thread_in_native, id=12372, stack(0x0000005eb0900000,0x0000005eb0a00000) (1024K)]
  0x0000020da191b0e0 JavaThread "Thread-11"                  daemon [_thread_in_native, id=5460, stack(0x0000005eb0a00000,0x0000005eb0b00000) (1024K)]
  0x0000020da19196a0 JavaThread "Thread-12"                  daemon [_thread_in_native, id=16440, stack(0x0000005eb0b00000,0x0000005eb0c00000) (1024K)]
  0x0000020da191b770 JavaThread "Thread-13"                  daemon [_thread_in_native, id=8460, stack(0x0000005eb0c00000,0x0000005eb0d00000) (1024K)]
  0x0000020da191be00 JavaThread "Thread-14"                  daemon [_thread_in_native, id=6136, stack(0x0000005eb0d00000,0x0000005eb0e00000) (1024K)]
  0x0000020da1918980 JavaThread "Thread-15"                  daemon [_thread_in_native, id=21316, stack(0x0000005eb0e00000,0x0000005eb0f00000) (1024K)]
  0x0000020da191c490 JavaThread "Thread-16"                  daemon [_thread_in_native, id=12248, stack(0x0000005eb0f00000,0x0000005eb1000000) (1024K)]
  0x0000020da1919010 JavaThread "Thread-17"                  daemon [_thread_in_native, id=3748, stack(0x0000005eb1000000,0x0000005eb1100000) (1024K)]
  0x0000020da191cb20 JavaThread "Thread-18"                  daemon [_thread_in_native, id=15764, stack(0x0000005eb1100000,0x0000005eb1200000) (1024K)]
  0x0000020da191d1b0 JavaThread "Thread-19"                  daemon [_thread_in_native, id=15652, stack(0x0000005eb1200000,0x0000005eb1300000) (1024K)]
  0x0000020da191d840 JavaThread "Thread-20"                  daemon [_thread_in_native, id=19208, stack(0x0000005eb1300000,0x0000005eb1400000) (1024K)]
  0x0000020da191ded0 JavaThread "Thread-21"                  daemon [_thread_in_native, id=20800, stack(0x0000005eb1400000,0x0000005eb1500000) (1024K)]
  0x0000020da191e560 JavaThread "Thread-22"                  daemon [_thread_in_native, id=10184, stack(0x0000005eb1500000,0x0000005eb1600000) (1024K)]
  0x0000020da1868c50 JavaThread "Thread-23"                  daemon [_thread_in_native, id=12660, stack(0x0000005eb1600000,0x0000005eb1700000) (1024K)]
  0x0000020da18685c0 JavaThread "Thread-24"                  daemon [_thread_in_native, id=3516, stack(0x0000005eb1700000,0x0000005eb1800000) (1024K)]
  0x0000020da186ba40 JavaThread "Thread-25"                  daemon [_thread_in_native, id=15012, stack(0x0000005eb1800000,0x0000005eb1900000) (1024K)]
  0x0000020da186a690 JavaThread "Thread-26"                  daemon [_thread_in_native, id=16300, stack(0x0000005eb1900000,0x0000005eb1a00000) (1024K)]
  0x0000020da18692e0 JavaThread "Thread-27"                  daemon [_thread_in_native, id=12424, stack(0x0000005eb1a00000,0x0000005eb1b00000) (1024K)]
  0x0000020da186ad20 JavaThread "Thread-28"                  daemon [_thread_in_native, id=19944, stack(0x0000005eb1b00000,0x0000005eb1c00000) (1024K)]
  0x0000020da186cdf0 JavaThread "Thread-29"                  daemon [_thread_in_native, id=21308, stack(0x0000005eb1c00000,0x0000005eb1d00000) (1024K)]
  0x0000020da186c0d0 JavaThread "Thread-30"                  daemon [_thread_in_native, id=5004, stack(0x0000005eb1d00000,0x0000005eb1e00000) (1024K)]
  0x0000020da186c760 JavaThread "pool-2-thread-1"                   [_thread_blocked, id=7772, stack(0x0000005eb1e00000,0x0000005eb1f00000) (1024K)]
  0x0000020da186b3b0 JavaThread "WorkspaceEventsHandler"            [_thread_blocked, id=1044, stack(0x0000005eb2100000,0x0000005eb2200000) (1024K)]
  0x0000020da1869970 JavaThread "pool-1-thread-1"                   [_thread_blocked, id=19516, stack(0x0000005eb2200000,0x0000005eb2300000) (1024K)]
  0x0000020da4709d40 JavaThread "LocalFile Deleter"          daemon [_thread_blocked, id=17980, stack(0x0000005eb2c00000,0x0000005eb2d00000) (1024K)]
  0x0000020da470a3d0 JavaThread "LocalFile Deleter"          daemon [_thread_blocked, id=14028, stack(0x0000005eb2e00000,0x0000005eb2f00000) (1024K)]
  0x0000020da470b780 JavaThread "LocalFile Deleter"          daemon [_thread_blocked, id=16152, stack(0x0000005eb2f00000,0x0000005eb3000000) (1024K)]
  0x0000020da4d70220 JavaThread "ForkJoinPool.commonPool-worker-1" daemon [_thread_blocked, id=20600, stack(0x0000005eb2300000,0x0000005eb2400000) (1024K)]
  0x0000020da4d708b0 JavaThread "ForkJoinPool.commonPool-worker-2" daemon [_thread_blocked, id=14864, stack(0x0000005eb2400000,0x0000005eb2500000) (1024K)]
  0x0000020da4d6d430 JavaThread "ForkJoinPool.commonPool-worker-3" daemon [_thread_blocked, id=8304, stack(0x0000005eb2500000,0x0000005eb2600000) (1024K)]
  0x0000020da4d722f0 JavaThread "ForkJoinPool.commonPool-worker-4" daemon [_thread_blocked, id=8636, stack(0x0000005eb4e00000,0x0000005eb4f00000) (1024K)]
  0x0000020da4d70f40 JavaThread "ForkJoinPool.commonPool-worker-5" daemon [_thread_blocked, id=16596, stack(0x0000005eb4f00000,0x0000005eb5000000) (1024K)]
  0x0000020da4d715d0 JavaThread "ForkJoinPool.commonPool-worker-6" daemon [_thread_blocked, id=11840, stack(0x0000005eb5000000,0x0000005eb5100000) (1024K)]
  0x0000020da4d71c60 JavaThread "ForkJoinPool.commonPool-worker-7" daemon [_thread_blocked, id=16984, stack(0x0000005eb5100000,0x0000005eb5200000) (1024K)]
  0x0000020daa3d8d30 JavaThread "ForkJoinPool.commonPool-worker-8" daemon [_thread_blocked, id=16096, stack(0x0000005eb5200000,0x0000005eb5300000) (1024K)]
  0x0000020daa3d8010 JavaThread "ForkJoinPool.commonPool-worker-9" daemon [_thread_blocked, id=19756, stack(0x0000005eb5300000,0x0000005eb5400000) (1024K)]
  0x0000020daa3d6c60 JavaThread "ForkJoinPool.commonPool-worker-10" daemon [_thread_blocked, id=14440, stack(0x0000005eb5400000,0x0000005eb5500000) (1024K)]
  0x0000020daa3d86a0 JavaThread "ForkJoinPool.commonPool-worker-11" daemon [_thread_blocked, id=11572, stack(0x0000005eb5500000,0x0000005eb5600000) (1024K)]
  0x0000020daa3d65d0 JavaThread "ForkJoinPool.commonPool-worker-12" daemon [_thread_blocked, id=20624, stack(0x0000005eb5600000,0x0000005eb5700000) (1024K)]
  0x0000020daa3d7980 JavaThread "ForkJoinPool.commonPool-worker-13" daemon [_thread_blocked, id=13052, stack(0x0000005eb5700000,0x0000005eb5800000) (1024K)]
  0x0000020daa3d93c0 JavaThread "Cleaner-0"                  daemon [_thread_blocked, id=19084, stack(0x0000005eb5a00000,0x0000005eb5b00000) (1024K)]
  0x0000020da214dca0 JavaThread "Java Debug Server"          daemon [_thread_in_native, id=12732, stack(0x0000005eaef00000,0x0000005eaf000000) (1024K)]
  0x0000020da2150a90 JavaThread "RxSchedulerPurge-1"         daemon [_thread_blocked, id=16184, stack(0x0000005eb2700000,0x0000005eb2800000) (1024K)]
  0x0000020da214e9c0 JavaThread "RxCachedWorkerPoolEvictor-1" daemon [_thread_blocked, id=13748, stack(0x0000005eb2800000,0x0000005eb2900000) (1024K)]
  0x0000020da21517b0 JavaThread "Worker-7"                          [_thread_blocked, id=16480, stack(0x0000005ead700000,0x0000005ead800000) (1024K)]
  0x0000020da2153880 JavaThread "pool-3-thread-2"                   [_thread_blocked, id=3768, stack(0x0000005eac800000,0x0000005eac900000) (1024K)]
  0x0000020da21545a0 JavaThread "process reaper"             daemon [_thread_blocked, id=10016, stack(0x0000005eac310000,0x0000005eac330000) (128K)]
Total: 76

Other Threads:
  0x0000020d4166e750 VMThread "VM Thread"                           [id=11680, stack(0x0000005eacd00000,0x0000005eace00000) (1024K)]
  0x0000020d5587c8d0 WatcherThread "VM Periodic Task Thread"        [id=21436, stack(0x0000005eacc00000,0x0000005eacd00000) (1024K)]
  0x0000020d415c9380 WorkerThread "GC Thread#0"                     [id=21148, stack(0x0000005eacb00000,0x0000005eacc00000) (1024K)]
  0x0000020d9f63df80 WorkerThread "GC Thread#1"                     [id=2780, stack(0x0000005eade00000,0x0000005eadf00000) (1024K)]
  0x0000020d9f9ae030 WorkerThread "GC Thread#2"                     [id=18876, stack(0x0000005eadf00000,0x0000005eae000000) (1024K)]
  0x0000020d9f9ae3d0 WorkerThread "GC Thread#3"                     [id=19572, stack(0x0000005eae000000,0x0000005eae100000) (1024K)]
  0x0000020d9f90e620 WorkerThread "GC Thread#4"                     [id=3852, stack(0x0000005eae100000,0x0000005eae200000) (1024K)]
  0x0000020d9f6caf10 WorkerThread "GC Thread#5"                     [id=14172, stack(0x0000005eae200000,0x0000005eae300000) (1024K)]
  0x0000020d9f6c9950 WorkerThread "GC Thread#6"                     [id=17876, stack(0x0000005eae300000,0x0000005eae400000) (1024K)]
  0x0000020d9f6ca090 WorkerThread "GC Thread#7"                     [id=3488, stack(0x0000005eae600000,0x0000005eae700000) (1024K)]
  0x0000020d9f6c95b0 WorkerThread "GC Thread#8"                     [id=600, stack(0x0000005eaeb00000,0x0000005eaec00000) (1024K)]
  0x0000020d9f6ca430 WorkerThread "GC Thread#9"                     [id=21208, stack(0x0000005eaec00000,0x0000005eaed00000) (1024K)]
  0x0000020d9f6ca7d0 WorkerThread "GC Thread#10"                    [id=20356, stack(0x0000005eaed00000,0x0000005eaee00000) (1024K)]
  0x0000020da03b8570 WorkerThread "GC Thread#11"                    [id=17232, stack(0x0000005eae400000,0x0000005eae500000) (1024K)]
  0x0000020da03b7a90 WorkerThread "GC Thread#12"                    [id=20068, stack(0x0000005eaf000000,0x0000005eaf100000) (1024K)]
  0x0000020da03ba9b0 WorkerThread "GC Thread#13"                    [id=13252, stack(0x0000005eaf400000,0x0000005eaf500000) (1024K)]
  0x0000020da03bad50 WorkerThread "GC Thread#14"                    [id=19668, stack(0x0000005eaf500000,0x0000005eaf600000) (1024K)]
  0x0000020da03b93f0 WorkerThread "GC Thread#15"                    [id=17884, stack(0x0000005eaf600000,0x0000005eaf700000) (1024K)]
  0x0000020da03bb490 WorkerThread "GC Thread#16"                    [id=12524, stack(0x0000005eaf700000,0x0000005eaf800000) (1024K)]
  0x0000020da03bb0f0 WorkerThread "GC Thread#17"                    [id=7792, stack(0x0000005eaf800000,0x0000005eaf900000) (1024K)]
  0x0000020da03ba610 WorkerThread "GC Thread#18"                    [id=19928, stack(0x0000005eafa00000,0x0000005eafb00000) (1024K)]
  0x0000020da16ff070 WorkerThread "GC Thread#19"                    [id=17604, stack(0x0000005eaff00000,0x0000005eb0000000) (1024K)]
Total: 22

Threads with active compile tasks:
C2 CompilerThread0  563222 17409       4       org.eclipse.jdt.internal.compiler.lookup.LookupEnvironment$CompleteTypeBindingsSteps::perform (108 bytes)
Total: 1

VM state: not at safepoint (normal execution)

VM Mutex/Monitor currently owned by a thread: None

Heap address: 0x00000000c0000000, size: 1024 MB, Compressed Oops mode: 32-bit

CDS archive(s) mapped at: [0x0000020d56000000-0x0000020d56ba0000-0x0000020d56ba0000), size 12189696, SharedBaseAddress: 0x0000020d56000000, ArchiveRelocationMode: 1.
Compressed class space mapped at: 0x0000020d57000000-0x0000020d97000000, reserved size: 1073741824
Narrow klass base: 0x0000020d56000000, Narrow klass shift: 0, Narrow klass range: 0x100000000

GC Precious Log:
 CardTable entry size: 512
 CPUs: 28 total, 28 available
 Memory: 32475M
 Large Page Support: Disabled
 NUMA Support: Disabled
 Compressed Oops: Enabled (32-bit)
 Alignments: Space 512K, Generation 512K, Heap 2M
 Heap Min Capacity: 100M
 Heap Initial Capacity: 100M
 Heap Max Capacity: 1G
 Pre-touch: Disabled
 Parallel Workers: 20

Heap:
 PSYoungGen      total 4096K, used 1253K [0x00000000eab00000, 0x00000000eb080000, 0x0000000100000000)
  eden space 3584K, 20% used [0x00000000eab00000,0x00000000eabbc058,0x00000000eae80000)
  from space 512K, 97% used [0x00000000eb000000,0x00000000eb07d490,0x00000000eb080000)
  to   space 1024K, 0% used [0x00000000eae80000,0x00000000eae80000,0x00000000eaf80000)
 ParOldGen       total 603648K, used 158289K [0x00000000c0000000, 0x00000000e4d80000, 0x00000000eab00000)
  object space 603648K, 26% used [0x00000000c0000000,0x00000000c9a94608,0x00000000e4d80000)
 Metaspace       used 82104K, committed 83776K, reserved 1179648K
  class space    used 8249K, committed 8960K, reserved 1048576K

Card table byte_map: [0x0000020d40f50000,0x0000020d41160000] _byte_map_base: 0x0000020d40950000

Marking Bits: (ParMarkBitMap*) 0x00007ffea3473260
 Begin Bits: [0x0000020d537a0000, 0x0000020d547a0000)
 End Bits:   [0x0000020d547a0000, 0x0000020d557a0000)

Polling page: 0x0000020d3f3b0000

Metaspace:

Usage:
  Non-class:     72.12 MB used.
      Class:      8.06 MB used.
       Both:     80.18 MB used.

Virtual space:
  Non-class space:      128.00 MB reserved,      73.06 MB ( 57%) committed,  2 nodes.
      Class space:        1.00 GB reserved,       8.75 MB ( <1%) committed,  1 nodes.
             Both:        1.12 GB reserved,      81.81 MB (  7%) committed. 

Chunk freelists:
   Non-Class:  6.47 MB
       Class:  7.21 MB
        Both:  13.68 MB

MaxMetaspaceSize: unlimited
CompressedClassSpaceSize: 1.00 GB
Initial GC threshold: 21.00 MB
Current GC threshold: 132.31 MB
CDS: on
 - commit_granule_bytes: 65536.
 - commit_granule_words: 8192.
 - virtual_space_node_default_size: 8388608.
 - enlarge_chunks_in_place: 1.
 - use_allocation_guard: 0.


Internal statistics:

num_allocs_failed_limit: 9.
num_arena_births: 1408.
num_arena_deaths: 20.
num_vsnodes_births: 3.
num_vsnodes_deaths: 0.
num_space_committed: 1309.
num_space_uncommitted: 0.
num_chunks_returned_to_freelist: 32.
num_chunks_taken_from_freelist: 5156.
num_chunk_merges: 15.
num_chunk_splits: 3176.
num_chunks_enlarged: 1846.
num_inconsistent_stats: 0.

CodeHeap 'non-profiled nmethods': size=119168Kb used=16322Kb max_used=16322Kb free=102845Kb
 bounds [0x0000020d4c340000, 0x0000020d4d340000, 0x0000020d537a0000]
CodeHeap 'profiled nmethods': size=119104Kb used=38933Kb max_used=38933Kb free=80170Kb
 bounds [0x0000020d447a0000, 0x0000020d46db0000, 0x0000020d4bbf0000]
CodeHeap 'non-nmethods': size=7488Kb used=1523Kb max_used=3263Kb free=5964Kb
 bounds [0x0000020d4bbf0000, 0x0000020d4bf30000, 0x0000020d4c340000]
 total_blobs=16660 nmethods=15817 adapters=746
 compilation: enabled
              stopped_count=0, restarted_count=0
 full_count=0

Compilation events (20 events):
Event: 563.055 Thread 0x0000020d982981f0 nmethod 17403 0x0000020d46d9d410 code [0x0000020d46d9d600, 0x0000020d46d9da00]
Event: 563.055 Thread 0x0000020d982981f0 17404       3       org.eclipse.jdt.internal.core.SearchableEnvironment::lambda$0 (27 bytes)
Event: 563.055 Thread 0x0000020d982981f0 nmethod 17404 0x0000020d46d9db90 code [0x0000020d46d9dd80, 0x0000020d46d9e100]
Event: 563.057 Thread 0x0000020d9826ab20 17407       4       org.eclipse.jdt.internal.compiler.ClassFile::completeRuntimeTypeAnnotations (125 bytes)
Event: 563.057 Thread 0x0000020d9826ab20 nmethod 17407 0x0000020d4d330710 code [0x0000020d4d3308a0, 0x0000020d4d330980]
Event: 563.175 Thread 0x0000020d982981f0 17408       3       org.eclipse.jdt.internal.compiler.ast.ConstructorDeclaration::parseStatements (95 bytes)
Event: 563.175 Thread 0x0000020d982981f0 nmethod 17408 0x0000020d46d9e290 code [0x0000020d46d9e4c0, 0x0000020d46d9ed58]
Event: 563.176 Thread 0x0000020d9826ab20 17409       4       org.eclipse.jdt.internal.compiler.lookup.LookupEnvironment$CompleteTypeBindingsSteps::perform (108 bytes)
Event: 563.176 Thread 0x0000020d982981f0 17410       3       org.eclipse.jdt.internal.compiler.ast.ConstructorDeclaration::doFieldReachAnalysis (165 bytes)
Event: 563.177 Thread 0x0000020d982981f0 nmethod 17410 0x0000020d46d9f010 code [0x0000020d46d9f340, 0x0000020d46da0ab8]
Event: 563.177 Thread 0x0000020d982981f0 17411       3       org.eclipse.jdt.internal.compiler.codegen.StackMapFrameCodeStream::resetSecretLocals (43 bytes)
Event: 563.177 Thread 0x0000020d982981f0 nmethod 17411 0x0000020d46da1290 code [0x0000020d46da1460, 0x0000020d46da18f8]
Event: 563.180 Thread 0x0000020d982981f0 17415       3       org.eclipse.lsp4j.ProgressParams::<init> (31 bytes)
Event: 563.181 Thread 0x0000020d982981f0 nmethod 17415 0x0000020d46da1a90 code [0x0000020d46da1ca0, 0x0000020d46da2248]
Event: 563.181 Thread 0x0000020d982981f0 17416   !   3       jdk.proxy4.$Proxy14::notifyProgress (34 bytes)
Event: 563.181 Thread 0x0000020d982981f0 nmethod 17416 0x0000020d46da2490 code [0x0000020d46da2660, 0x0000020d46da2b48]
Event: 563.181 Thread 0x0000020d982981f0 17417       3       org.eclipse.lsp4j.adapters.WorkDoneProgressNotificationAdapter::write (10 bytes)
Event: 563.181 Thread 0x0000020d982981f0 nmethod 17417 0x0000020d46da2d90 code [0x0000020d46da2f40, 0x0000020d46da31a0]
Event: 563.181 Thread 0x0000020d982981f0 17418       3       org.eclipse.lsp4j.adapters.WorkDoneProgressNotificationAdapter::write (247 bytes)
Event: 563.181 Thread 0x0000020d982981f0 nmethod 17418 0x0000020d46da3290 code [0x0000020d46da3640, 0x0000020d46da4f88]

GC Heap History (20 events):
Event: 481.712 GC heap before
{Heap before GC invocations=719 (full 4):
 PSYoungGen      total 3584K, used 3456K [0x00000000eab00000, 0x00000000eaf80000, 0x0000000100000000)
  eden space 3072K, 100% used [0x00000000eab00000,0x00000000eae00000,0x00000000eae00000)
  from space 512K, 75% used [0x00000000eaf00000,0x00000000eaf60000,0x00000000eaf80000)
  to   space 512K, 0% used [0x00000000eae80000,0x00000000eae80000,0x00000000eaf00000)
 ParOldGen       total 603648K, used 156513K [0x00000000c0000000, 0x00000000e4d80000, 0x00000000eab00000)
  object space 603648K, 25% used [0x00000000c0000000,0x00000000c98d86f0,0x00000000e4d80000)
 Metaspace       used 82053K, committed 83648K, reserved 1179648K
  class space    used 8249K, committed 8960K, reserved 1048576K
}
Event: 481.713 GC heap after
{Heap after GC invocations=719 (full 4):
 PSYoungGen      total 3584K, used 96K [0x00000000eab00000, 0x00000000eaf80000, 0x0000000100000000)
  eden space 3072K, 0% used [0x00000000eab00000,0x00000000eab00000,0x00000000eae00000)
  from space 512K, 18% used [0x00000000eae80000,0x00000000eae98000,0x00000000eaf00000)
  to   space 512K, 0% used [0x00000000eaf00000,0x00000000eaf00000,0x00000000eaf80000)
 ParOldGen       total 603648K, used 156644K [0x00000000c0000000, 0x00000000e4d80000, 0x00000000eab00000)
  object space 603648K, 25% used [0x00000000c0000000,0x00000000c98f9038,0x00000000e4d80000)
 Metaspace       used 82053K, committed 83648K, reserved 1179648K
  class space    used 8249K, committed 8960K, reserved 1048576K
}
Event: 481.906 GC heap before
{Heap before GC invocations=720 (full 4):
 PSYoungGen      total 3584K, used 3168K [0x00000000eab00000, 0x00000000eaf80000, 0x0000000100000000)
  eden space 3072K, 100% used [0x00000000eab00000,0x00000000eae00000,0x00000000eae00000)
  from space 512K, 18% used [0x00000000eae80000,0x00000000eae98000,0x00000000eaf00000)
  to   space 512K, 0% used [0x00000000eaf00000,0x00000000eaf00000,0x00000000eaf80000)
 ParOldGen       total 603648K, used 156644K [0x00000000c0000000, 0x00000000e4d80000, 0x00000000eab00000)
  object space 603648K, 25% used [0x00000000c0000000,0x00000000c98f9038,0x00000000e4d80000)
 Metaspace       used 82056K, committed 83648K, reserved 1179648K
  class space    used 8249K, committed 8960K, reserved 1048576K
}
Event: 481.906 GC heap after
{Heap after GC invocations=720 (full 4):
 PSYoungGen      total 3584K, used 320K [0x00000000eab00000, 0x00000000eaf80000, 0x0000000100000000)
  eden space 3072K, 0% used [0x00000000eab00000,0x00000000eab00000,0x00000000eae00000)
  from space 512K, 62% used [0x00000000eaf00000,0x00000000eaf50000,0x00000000eaf80000)
  to   space 512K, 0% used [0x00000000eae80000,0x00000000eae80000,0x00000000eaf00000)
 ParOldGen       total 603648K, used 156724K [0x00000000c0000000, 0x00000000e4d80000, 0x00000000eab00000)
  object space 603648K, 25% used [0x00000000c0000000,0x00000000c990d038,0x00000000e4d80000)
 Metaspace       used 82056K, committed 83648K, reserved 1179648K
  class space    used 8249K, committed 8960K, reserved 1048576K
}
Event: 562.700 GC heap before
{Heap before GC invocations=721 (full 4):
 PSYoungGen      total 3584K, used 3391K [0x00000000eab00000, 0x00000000eaf80000, 0x0000000100000000)
  eden space 3072K, 99% used [0x00000000eab00000,0x00000000eadffff0,0x00000000eae00000)
  from space 512K, 62% used [0x00000000eaf00000,0x00000000eaf50000,0x00000000eaf80000)
  to   space 512K, 0% used [0x00000000eae80000,0x00000000eae80000,0x00000000eaf00000)
 ParOldGen       total 603648K, used 156724K [0x00000000c0000000, 0x00000000e4d80000, 0x00000000eab00000)
  object space 603648K, 25% used [0x00000000c0000000,0x00000000c990d038,0x00000000e4d80000)
 Metaspace       used 82082K, committed 83712K, reserved 1179648K
  class space    used 8249K, committed 8960K, reserved 1048576K
}
Event: 562.702 GC heap after
{Heap after GC invocations=721 (full 4):
 PSYoungGen      total 3584K, used 480K [0x00000000eab00000, 0x00000000eb000000, 0x0000000100000000)
  eden space 3072K, 0% used [0x00000000eab00000,0x00000000eab00000,0x00000000eae00000)
  from space 512K, 93% used [0x00000000eae80000,0x00000000eaef8020,0x00000000eaf00000)
  to   space 1024K, 0% used [0x00000000eaf00000,0x00000000eaf00000,0x00000000eb000000)
 ParOldGen       total 603648K, used 156846K [0x00000000c0000000, 0x00000000e4d80000, 0x00000000eab00000)
  object space 603648K, 25% used [0x00000000c0000000,0x00000000c992ba80,0x00000000e4d80000)
 Metaspace       used 82082K, committed 83712K, reserved 1179648K
  class space    used 8249K, committed 8960K, reserved 1048576K
}
Event: 562.710 GC heap before
{Heap before GC invocations=722 (full 4):
 PSYoungGen      total 3584K, used 3552K [0x00000000eab00000, 0x00000000eb000000, 0x0000000100000000)
  eden space 3072K, 100% used [0x00000000eab00000,0x00000000eae00000,0x00000000eae00000)
  from space 512K, 93% used [0x00000000eae80000,0x00000000eaef8020,0x00000000eaf00000)
  to   space 1024K, 0% used [0x00000000eaf00000,0x00000000eaf00000,0x00000000eb000000)
 ParOldGen       total 603648K, used 156846K [0x00000000c0000000, 0x00000000e4d80000, 0x00000000eab00000)
  object space 603648K, 25% used [0x00000000c0000000,0x00000000c992ba80,0x00000000e4d80000)
 Metaspace       used 82083K, committed 83712K, reserved 1179648K
  class space    used 8249K, committed 8960K, reserved 1048576K
}
Event: 562.711 GC heap after
{Heap after GC invocations=722 (full 4):
 PSYoungGen      total 4096K, used 768K [0x00000000eab00000, 0x00000000eb000000, 0x0000000100000000)
  eden space 3072K, 0% used [0x00000000eab00000,0x00000000eab00000,0x00000000eae00000)
  from space 1024K, 75% used [0x00000000eaf00000,0x00000000eafc0020,0x00000000eb000000)
  to   space 1024K, 0% used [0x00000000eae00000,0x00000000eae00000,0x00000000eaf00000)
 ParOldGen       total 603648K, used 157049K [0x00000000c0000000, 0x00000000e4d80000, 0x00000000eab00000)
  object space 603648K, 26% used [0x00000000c0000000,0x00000000c995e4e8,0x00000000e4d80000)
 Metaspace       used 82083K, committed 83712K, reserved 1179648K
  class space    used 8249K, committed 8960K, reserved 1048576K
}
Event: 562.716 GC heap before
{Heap before GC invocations=723 (full 4):
 PSYoungGen      total 4096K, used 3840K [0x00000000eab00000, 0x00000000eb000000, 0x0000000100000000)
  eden space 3072K, 100% used [0x00000000eab00000,0x00000000eae00000,0x00000000eae00000)
  from space 1024K, 75% used [0x00000000eaf00000,0x00000000eafc0020,0x00000000eb000000)
  to   space 1024K, 0% used [0x00000000eae00000,0x00000000eae00000,0x00000000eaf00000)
 ParOldGen       total 603648K, used 157049K [0x00000000c0000000, 0x00000000e4d80000, 0x00000000eab00000)
  object space 603648K, 26% used [0x00000000c0000000,0x00000000c995e4e8,0x00000000e4d80000)
 Metaspace       used 82086K, committed 83712K, reserved 1179648K
  class space    used 8249K, committed 8960K, reserved 1048576K
}
Event: 562.717 GC heap after
{Heap after GC invocations=723 (full 4):
 PSYoungGen      total 4096K, used 1013K [0x00000000eab00000, 0x00000000eb200000, 0x0000000100000000)
  eden space 3072K, 0% used [0x00000000eab00000,0x00000000eab00000,0x00000000eae00000)
  from space 1024K, 98% used [0x00000000eae00000,0x00000000eaefd480,0x00000000eaf00000)
  to   space 2048K, 0% used [0x00000000eb000000,0x00000000eb000000,0x00000000eb200000)
 ParOldGen       total 603648K, used 157504K [0x00000000c0000000, 0x00000000e4d80000, 0x00000000eab00000)
  object space 603648K, 26% used [0x00000000c0000000,0x00000000c99d0278,0x00000000e4d80000)
 Metaspace       used 82086K, committed 83712K, reserved 1179648K
  class space    used 8249K, committed 8960K, reserved 1048576K
}
Event: 562.720 GC heap before
{Heap before GC invocations=724 (full 4):
 PSYoungGen      total 4096K, used 4085K [0x00000000eab00000, 0x00000000eb200000, 0x0000000100000000)
  eden space 3072K, 100% used [0x00000000eab00000,0x00000000eae00000,0x00000000eae00000)
  from space 1024K, 98% used [0x00000000eae00000,0x00000000eaefd480,0x00000000eaf00000)
  to   space 2048K, 0% used [0x00000000eb000000,0x00000000eb000000,0x00000000eb200000)
 ParOldGen       total 603648K, used 157504K [0x00000000c0000000, 0x00000000e4d80000, 0x00000000eab00000)
  object space 603648K, 26% used [0x00000000c0000000,0x00000000c99d0278,0x00000000e4d80000)
 Metaspace       used 82086K, committed 83712K, reserved 1179648K
  class space    used 8249K, committed 8960K, reserved 1048576K
}
Event: 562.721 GC heap after
{Heap after GC invocations=724 (full 4):
 PSYoungGen      total 3584K, used 192K [0x00000000eab00000, 0x00000000eb080000, 0x0000000100000000)
  eden space 3072K, 0% used [0x00000000eab00000,0x00000000eab00000,0x00000000eae00000)
  from space 512K, 37% used [0x00000000eb000000,0x00000000eb030000,0x00000000eb080000)
  to   space 1024K, 0% used [0x00000000eae80000,0x00000000eae80000,0x00000000eaf80000)
 ParOldGen       total 603648K, used 158012K [0x00000000c0000000, 0x00000000e4d80000, 0x00000000eab00000)
  object space 603648K, 26% used [0x00000000c0000000,0x00000000c9a4f188,0x00000000e4d80000)
 Metaspace       used 82086K, committed 83712K, reserved 1179648K
  class space    used 8249K, committed 8960K, reserved 1048576K
}
Event: 562.722 GC heap before
{Heap before GC invocations=725 (full 4):
 PSYoungGen      total 3584K, used 3264K [0x00000000eab00000, 0x00000000eb080000, 0x0000000100000000)
  eden space 3072K, 100% used [0x00000000eab00000,0x00000000eae00000,0x00000000eae00000)
  from space 512K, 37% used [0x00000000eb000000,0x00000000eb030000,0x00000000eb080000)
  to   space 1024K, 0% used [0x00000000eae80000,0x00000000eae80000,0x00000000eaf80000)
 ParOldGen       total 603648K, used 158012K [0x00000000c0000000, 0x00000000e4d80000, 0x00000000eab00000)
  object space 603648K, 26% used [0x00000000c0000000,0x00000000c9a4f188,0x00000000e4d80000)
 Metaspace       used 82086K, committed 83712K, reserved 1179648K
  class space    used 8249K, committed 8960K, reserved 1048576K
}
Event: 562.722 GC heap after
{Heap after GC invocations=725 (full 4):
 PSYoungGen      total 4608K, used 352K [0x00000000eab00000, 0x00000000eb080000, 0x0000000100000000)
  eden space 3584K, 0% used [0x00000000eab00000,0x00000000eab00000,0x00000000eae80000)
  from space 1024K, 34% used [0x00000000eae80000,0x00000000eaed8000,0x00000000eaf80000)
  to   space 512K, 0% used [0x00000000eb000000,0x00000000eb000000,0x00000000eb080000)
 ParOldGen       total 603648K, used 158060K [0x00000000c0000000, 0x00000000e4d80000, 0x00000000eab00000)
  object space 603648K, 26% used [0x00000000c0000000,0x00000000c9a5b188,0x00000000e4d80000)
 Metaspace       used 82086K, committed 83712K, reserved 1179648K
  class space    used 8249K, committed 8960K, reserved 1048576K
}
Event: 562.729 GC heap before
{Heap before GC invocations=726 (full 4):
 PSYoungGen      total 4608K, used 3936K [0x00000000eab00000, 0x00000000eb080000, 0x0000000100000000)
  eden space 3584K, 100% used [0x00000000eab00000,0x00000000eae80000,0x00000000eae80000)
  from space 1024K, 34% used [0x00000000eae80000,0x00000000eaed8000,0x00000000eaf80000)
  to   space 512K, 0% used [0x00000000eb000000,0x00000000eb000000,0x00000000eb080000)
 ParOldGen       total 603648K, used 158060K [0x00000000c0000000, 0x00000000e4d80000, 0x00000000eab00000)
  object space 603648K, 26% used [0x00000000c0000000,0x00000000c9a5b188,0x00000000e4d80000)
 Metaspace       used 82086K, committed 83712K, reserved 1179648K
  class space    used 8249K, committed 8960K, reserved 1048576K
}
Event: 562.730 GC heap after
{Heap after GC invocations=726 (full 4):
 PSYoungGen      total 4096K, used 480K [0x00000000eab00000, 0x00000000eb080000, 0x0000000100000000)
  eden space 3584K, 0% used [0x00000000eab00000,0x00000000eab00000,0x00000000eae80000)
  from space 512K, 93% used [0x00000000eb000000,0x00000000eb078000,0x00000000eb080000)
  to   space 512K, 0% used [0x00000000eaf80000,0x00000000eaf80000,0x00000000eb000000)
 ParOldGen       total 603648K, used 158060K [0x00000000c0000000, 0x00000000e4d80000, 0x00000000eab00000)
  object space 603648K, 26% used [0x00000000c0000000,0x00000000c9a5b188,0x00000000e4d80000)
 Metaspace       used 82086K, committed 83712K, reserved 1179648K
  class space    used 8249K, committed 8960K, reserved 1048576K
}
Event: 563.056 GC heap before
{Heap before GC invocations=727 (full 4):
 PSYoungGen      total 4096K, used 4064K [0x00000000eab00000, 0x00000000eb080000, 0x0000000100000000)
  eden space 3584K, 100% used [0x00000000eab00000,0x00000000eae80000,0x00000000eae80000)
  from space 512K, 93% used [0x00000000eb000000,0x00000000eb078000,0x00000000eb080000)
  to   space 512K, 0% used [0x00000000eaf80000,0x00000000eaf80000,0x00000000eb000000)
 ParOldGen       total 603648K, used 158060K [0x00000000c0000000, 0x00000000e4d80000, 0x00000000eab00000)
  object space 603648K, 26% used [0x00000000c0000000,0x00000000c9a5b188,0x00000000e4d80000)
 Metaspace       used 82092K, committed 83712K, reserved 1179648K
  class space    used 8249K, committed 8960K, reserved 1048576K
}
Event: 563.056 GC heap after
{Heap after GC invocations=727 (full 4):
 PSYoungGen      total 4096K, used 405K [0x00000000eab00000, 0x00000000eb080000, 0x0000000100000000)
  eden space 3584K, 0% used [0x00000000eab00000,0x00000000eab00000,0x00000000eae80000)
  from space 512K, 79% used [0x00000000eaf80000,0x00000000eafe5460,0x00000000eb000000)
  to   space 512K, 0% used [0x00000000eb000000,0x00000000eb000000,0x00000000eb080000)
 ParOldGen       total 603648K, used 158132K [0x00000000c0000000, 0x00000000e4d80000, 0x00000000eab00000)
  object space 603648K, 26% used [0x00000000c0000000,0x00000000c9a6d188,0x00000000e4d80000)
 Metaspace       used 82092K, committed 83712K, reserved 1179648K
  class space    used 8249K, committed 8960K, reserved 1048576K
}
Event: 563.178 GC heap before
{Heap before GC invocations=728 (full 4):
 PSYoungGen      total 4096K, used 3989K [0x00000000eab00000, 0x00000000eb080000, 0x0000000100000000)
  eden space 3584K, 100% used [0x00000000eab00000,0x00000000eae80000,0x00000000eae80000)
  from space 512K, 79% used [0x00000000eaf80000,0x00000000eafe5460,0x00000000eb000000)
  to   space 512K, 0% used [0x00000000eb000000,0x00000000eb000000,0x00000000eb080000)
 ParOldGen       total 603648K, used 158132K [0x00000000c0000000, 0x00000000e4d80000, 0x00000000eab00000)
  object space 603648K, 26% used [0x00000000c0000000,0x00000000c9a6d188,0x00000000e4d80000)
 Metaspace       used 82100K, committed 83776K, reserved 1179648K
  class space    used 8249K, committed 8960K, reserved 1048576K
}
Event: 563.178 GC heap after
{Heap after GC invocations=728 (full 4):
 PSYoungGen      total 4096K, used 501K [0x00000000eab00000, 0x00000000eb080000, 0x0000000100000000)
  eden space 3584K, 0% used [0x00000000eab00000,0x00000000eab00000,0x00000000eae80000)
  from space 512K, 97% used [0x00000000eb000000,0x00000000eb07d490,0x00000000eb080000)
  to   space 1024K, 0% used [0x00000000eae80000,0x00000000eae80000,0x00000000eaf80000)
 ParOldGen       total 603648K, used 158289K [0x00000000c0000000, 0x00000000e4d80000, 0x00000000eab00000)
  object space 603648K, 26% used [0x00000000c0000000,0x00000000c9a94608,0x00000000e4d80000)
 Metaspace       used 82100K, committed 83776K, reserved 1179648K
  class space    used 8249K, committed 8960K, reserved 1048576K
}

Dll operation events (14 events):
Event: 0.005 Loaded shared library c:\Users\Admin\.vscode\extensions\redhat.java-1.41.1-win32-x64\jre\21.0.6-win32-x86_64\bin\java.dll
Event: 0.037 Loaded shared library c:\Users\Admin\.vscode\extensions\redhat.java-1.41.1-win32-x64\jre\21.0.6-win32-x86_64\bin\zip.dll
Event: 0.051 Loaded shared library C:\Users\Admin\.vscode\extensions\redhat.java-1.41.1-win32-x64\jre\21.0.6-win32-x86_64\bin\instrument.dll
Event: 0.054 Loaded shared library C:\Users\Admin\.vscode\extensions\redhat.java-1.41.1-win32-x64\jre\21.0.6-win32-x86_64\bin\net.dll
Event: 0.055 Loaded shared library C:\Users\Admin\.vscode\extensions\redhat.java-1.41.1-win32-x64\jre\21.0.6-win32-x86_64\bin\nio.dll
Event: 0.057 Loaded shared library C:\Users\Admin\.vscode\extensions\redhat.java-1.41.1-win32-x64\jre\21.0.6-win32-x86_64\bin\zip.dll
Event: 0.066 Loaded shared library C:\Users\Admin\.vscode\extensions\redhat.java-1.41.1-win32-x64\jre\21.0.6-win32-x86_64\bin\jimage.dll
Event: 0.101 Loaded shared library c:\Users\Admin\.vscode\extensions\redhat.java-1.41.1-win32-x64\jre\21.0.6-win32-x86_64\bin\verify.dll
Event: 0.650 Loaded shared library C:\Users\Admin\AppData\Roaming\Code\User\globalStorage\redhat.java\1.41.1\config_win\org.eclipse.equinox.launcher\org.eclipse.equinox.launcher.win32.win32.x86_64_1.2.1300.v20250331-1702\eclipse_11911.dll
Event: 1.123 Loaded shared library C:\Users\Admin\.vscode\extensions\redhat.java-1.41.1-win32-x64\jre\21.0.6-win32-x86_64\bin\management.dll
Event: 1.125 Loaded shared library C:\Users\Admin\.vscode\extensions\redhat.java-1.41.1-win32-x64\jre\21.0.6-win32-x86_64\bin\management_ext.dll
Event: 1.748 Loaded shared library C:\Users\Admin\AppData\Local\Temp\jna-63116079\jna5552426225255276531.dll
Event: 1.933 Loaded shared library C:\Users\Admin\.vscode\extensions\redhat.java-1.41.1-win32-x64\jre\21.0.6-win32-x86_64\bin\sunmscapi.dll
Event: 2.040 Loaded shared library C:\Users\Admin\.vscode\extensions\redhat.java-1.41.1-win32-x64\jre\21.0.6-win32-x86_64\bin\extnet.dll

Deoptimization events (20 events):
Event: 481.432 Thread 0x0000020d9ffd53c0 Uncommon trap: trap_request=0xffffff6e fr.pc=0x0000020d4d2e4858 relative=0x0000000000000658
Event: 481.432 Thread 0x0000020d9ffd53c0 Uncommon trap: reason=loop_limit_check action=maybe_recompile pc=0x0000020d4d2e4858 method=org.eclipse.jdt.internal.compiler.lookup.Scope.findExactMethod(Lorg/eclipse/jdt/internal/compiler/lookup/ReferenceBinding;[C[Lorg/eclipse/jdt/internal/compiler/look
Event: 481.432 Thread 0x0000020d9ffd53c0 DEOPT PACKING pc=0x0000020d4d2e4858 sp=0x0000005eb00fe210
Event: 481.432 Thread 0x0000020d9ffd53c0 DEOPT UNPACKING pc=0x0000020d4bc43aa2 sp=0x0000005eb00fe1b0 mode 2
Event: 481.432 Thread 0x0000020d9ffd53c0 Uncommon trap: trap_request=0xffffffbe fr.pc=0x0000020d4d2e7e6c relative=0x000000000000028c
Event: 481.432 Thread 0x0000020d9ffd53c0 Uncommon trap: reason=profile_predicate action=maybe_recompile pc=0x0000020d4d2e7e6c method=org.eclipse.jdt.internal.compiler.lookup.BinaryTypeBinding.getExactMethod([C[Lorg/eclipse/jdt/internal/compiler/lookup/TypeBinding;Lorg/eclipse/jdt/internal/compil
Event: 481.432 Thread 0x0000020d9ffd53c0 DEOPT PACKING pc=0x0000020d4d2e7e6c sp=0x0000005eb00fdf50
Event: 481.432 Thread 0x0000020d9ffd53c0 DEOPT UNPACKING pc=0x0000020d4bc43aa2 sp=0x0000005eb00fdf20 mode 2
Event: 481.432 Thread 0x0000020d9ffd53c0 Uncommon trap: trap_request=0xffffffbe fr.pc=0x0000020d4d2e7e6c relative=0x000000000000028c
Event: 481.432 Thread 0x0000020d9ffd53c0 Uncommon trap: reason=profile_predicate action=maybe_recompile pc=0x0000020d4d2e7e6c method=org.eclipse.jdt.internal.compiler.lookup.BinaryTypeBinding.getExactMethod([C[Lorg/eclipse/jdt/internal/compiler/lookup/TypeBinding;Lorg/eclipse/jdt/internal/compil
Event: 481.432 Thread 0x0000020d9ffd53c0 DEOPT PACKING pc=0x0000020d4d2e7e6c sp=0x0000005eb00fdcd0
Event: 481.432 Thread 0x0000020d9ffd53c0 DEOPT UNPACKING pc=0x0000020d4bc43aa2 sp=0x0000005eb00fdcc0 mode 2
Event: 481.432 Thread 0x0000020d9ffd53c0 Uncommon trap: trap_request=0xffffffbe fr.pc=0x0000020d4d2e7e6c relative=0x000000000000028c
Event: 481.432 Thread 0x0000020d9ffd53c0 Uncommon trap: reason=profile_predicate action=maybe_recompile pc=0x0000020d4d2e7e6c method=org.eclipse.jdt.internal.compiler.lookup.BinaryTypeBinding.getExactMethod([C[Lorg/eclipse/jdt/internal/compiler/lookup/TypeBinding;Lorg/eclipse/jdt/internal/compil
Event: 481.432 Thread 0x0000020d9ffd53c0 DEOPT PACKING pc=0x0000020d4d2e7e6c sp=0x0000005eb00fdb20
Event: 481.432 Thread 0x0000020d9ffd53c0 DEOPT UNPACKING pc=0x0000020d4bc43aa2 sp=0x0000005eb00fdb10 mode 2
Event: 481.433 Thread 0x0000020d9ffd53c0 Uncommon trap: trap_request=0xffffffbe fr.pc=0x0000020d4d2e7e6c relative=0x000000000000028c
Event: 481.433 Thread 0x0000020d9ffd53c0 Uncommon trap: reason=profile_predicate action=maybe_recompile pc=0x0000020d4d2e7e6c method=org.eclipse.jdt.internal.compiler.lookup.BinaryTypeBinding.getExactMethod([C[Lorg/eclipse/jdt/internal/compiler/lookup/TypeBinding;Lorg/eclipse/jdt/internal/compil
Event: 481.433 Thread 0x0000020d9ffd53c0 DEOPT PACKING pc=0x0000020d4d2e7e6c sp=0x0000005eb00fe0d0
Event: 481.433 Thread 0x0000020d9ffd53c0 DEOPT UNPACKING pc=0x0000020d4bc43aa2 sp=0x0000005eb00fe0c0 mode 2

Classes loaded (20 events):
Event: 299.303 Loading class java/io/CharArrayReader
Event: 299.303 Loading class java/io/CharArrayReader done
Event: 299.303 Loading class java/util/regex/Pattern$Bound
Event: 299.303 Loading class java/util/regex/Pattern$Bound done
Event: 434.251 Loading class sun/security/ssl/PreSharedKeyExtension$PskIdentity
Event: 434.251 Loading class sun/security/ssl/PreSharedKeyExtension$PskIdentity done
Event: 434.251 Loading class sun/security/ssl/PreSharedKeyExtension$CHPreSharedKeySpec
Event: 434.251 Loading class sun/security/ssl/PreSharedKeyExtension$CHPreSharedKeySpec done
Event: 434.251 Loading class sun/security/ssl/PreSharedKeyExtension$PartialClientHelloMessage
Event: 434.251 Loading class sun/security/ssl/PreSharedKeyExtension$PartialClientHelloMessage done
Event: 434.251 Loading class sun/security/ssl/SSLEngineOutputRecord
Event: 434.251 Loading class sun/security/ssl/SSLEngineOutputRecord done
Event: 434.251 Loading class sun/security/ssl/SSLEngineOutputRecord$HandshakeFragment
Event: 434.251 Loading class sun/security/ssl/SSLEngineOutputRecord$HandshakeFragment done
Event: 434.251 Loading class sun/security/ssl/SSLEngineOutputRecord$HandshakeMemo
Event: 434.251 Loading class sun/security/ssl/SSLEngineOutputRecord$RecordMemo
Event: 434.251 Loading class sun/security/ssl/SSLEngineOutputRecord$RecordMemo done
Event: 434.251 Loading class sun/security/ssl/SSLEngineOutputRecord$HandshakeMemo done
Event: 434.283 Loading class sun/security/ssl/PreSharedKeyExtension$SHPreSharedKeySpec
Event: 434.283 Loading class sun/security/ssl/PreSharedKeyExtension$SHPreSharedKeySpec done

Classes unloaded (10 events):
Event: 1.401 Thread 0x0000020d4166e750 Unloading class 0x0000020d57194c00 'java/lang/invoke/LambdaForm$MH+0x0000020d57194c00'
Event: 1.401 Thread 0x0000020d4166e750 Unloading class 0x0000020d57194800 'java/lang/invoke/LambdaForm$MH+0x0000020d57194800'
Event: 1.401 Thread 0x0000020d4166e750 Unloading class 0x0000020d57194400 'java/lang/invoke/LambdaForm$MH+0x0000020d57194400'
Event: 1.401 Thread 0x0000020d4166e750 Unloading class 0x0000020d57194000 'java/lang/invoke/LambdaForm$MH+0x0000020d57194000'
Event: 1.401 Thread 0x0000020d4166e750 Unloading class 0x0000020d57193c00 'java/lang/invoke/LambdaForm$BMH+0x0000020d57193c00'
Event: 1.401 Thread 0x0000020d4166e750 Unloading class 0x0000020d57193800 'java/lang/invoke/LambdaForm$DMH+0x0000020d57193800'
Event: 1.401 Thread 0x0000020d4166e750 Unloading class 0x0000020d57192400 'java/lang/invoke/LambdaForm$DMH+0x0000020d57192400'
Event: 253.013 Thread 0x0000020d4166e750 Unloading class 0x0000020d5774d800 'java/lang/invoke/LambdaForm$MH+0x0000020d5774d800'
Event: 253.013 Thread 0x0000020d4166e750 Unloading class 0x0000020d5774d400 'java/lang/invoke/LambdaForm$DMH+0x0000020d5774d400'
Event: 253.013 Thread 0x0000020d4166e750 Unloading class 0x0000020d5774cc00 'java/lang/invoke/LambdaForm$DMH+0x0000020d5774cc00'

Classes redefined (0 events):
No events

Internal exceptions (20 events):
Event: 82.810 Thread 0x0000020da214f050 Exception <a 'sun/nio/fs/WindowsException'{0x00000000eabb2e30}> (0x00000000eabb2e30) 
thrown [s\src\hotspot\share\prims\jni.cpp, line 520]
Event: 83.683 Thread 0x0000020da214d610 Exception <a 'java/lang/NoSuchMethodError'{0x00000000eab4a188}: 'long java.lang.invoke.DelegatingMethodHandle$Holder.reinvoke_L(java.lang.Object, java.lang.Object)'> (0x00000000eab4a188) 
thrown [s\src\hotspot\share\interpreter\linkResolver.cpp, line 773]
Event: 83.683 Thread 0x0000020da214d610 Exception <a 'java/lang/NoSuchMethodError'{0x00000000eab54538}: 'void java.lang.invoke.DelegatingMethodHandle$Holder.reinvoke_L(java.lang.Object, java.lang.Object, long)'> (0x00000000eab54538) 
thrown [s\src\hotspot\share\interpreter\linkResolver.cpp, line 773]
Event: 83.912 Thread 0x0000020da214d610 Exception <a 'java/lang/NoSuchMethodError'{0x00000000eac33a80}: 'long java.lang.invoke.Invokers$Holder.invokeExact_MT(java.lang.Object, java.lang.Object, java.lang.Object)'> (0x00000000eac33a80) 
thrown [s\src\hotspot\share\interpreter\linkResolver.cpp, line 773]
Event: 481.910 Thread 0x0000020daa3d65d0 Exception <a 'sun/nio/fs/WindowsException'{0x00000000eab350e0}> (0x00000000eab350e0) 
thrown [s\src\hotspot\share\prims\jni.cpp, line 520]
Event: 481.910 Thread 0x0000020daa3d65d0 Exception <a 'sun/nio/fs/WindowsException'{0x00000000eab35730}> (0x00000000eab35730) 
thrown [s\src\hotspot\share\prims\jni.cpp, line 520]
Event: 481.910 Thread 0x0000020daa3d65d0 Exception <a 'sun/nio/fs/WindowsException'{0x00000000eab36288}> (0x00000000eab36288) 
thrown [s\src\hotspot\share\prims\jni.cpp, line 520]
Event: 481.910 Thread 0x0000020daa3d65d0 Exception <a 'sun/nio/fs/WindowsException'{0x00000000eab36b88}> (0x00000000eab36b88) 
thrown [s\src\hotspot\share\prims\jni.cpp, line 520]
Event: 481.910 Thread 0x0000020daa3d65d0 Exception <a 'sun/nio/fs/WindowsException'{0x00000000eab37d48}> (0x00000000eab37d48) 
thrown [s\src\hotspot\share\prims\jni.cpp, line 520]
Event: 481.910 Thread 0x0000020daa3d65d0 Exception <a 'sun/nio/fs/WindowsException'{0x00000000eab38398}> (0x00000000eab38398) 
thrown [s\src\hotspot\share\prims\jni.cpp, line 520]
Event: 481.920 Thread 0x0000020da21524d0 Exception <a 'sun/nio/fs/WindowsException'{0x00000000eaba07f0}> (0x00000000eaba07f0) 
thrown [s\src\hotspot\share\prims\jni.cpp, line 520]
Event: 481.920 Thread 0x0000020da21524d0 Exception <a 'sun/nio/fs/WindowsException'{0x00000000eaba0e40}> (0x00000000eaba0e40) 
thrown [s\src\hotspot\share\prims\jni.cpp, line 520]
Event: 499.111 Thread 0x0000020daa3d65d0 Exception <a 'sun/nio/fs/WindowsException'{0x00000000eac6ef58}> (0x00000000eac6ef58) 
thrown [s\src\hotspot\share\prims\jni.cpp, line 520]
Event: 499.111 Thread 0x0000020daa3d65d0 Exception <a 'sun/nio/fs/WindowsException'{0x00000000eac6f5a8}> (0x00000000eac6f5a8) 
thrown [s\src\hotspot\share\prims\jni.cpp, line 520]
Event: 499.111 Thread 0x0000020daa3d65d0 Exception <a 'sun/nio/fs/WindowsException'{0x00000000eac70100}> (0x00000000eac70100) 
thrown [s\src\hotspot\share\prims\jni.cpp, line 520]
Event: 499.111 Thread 0x0000020daa3d65d0 Exception <a 'sun/nio/fs/WindowsException'{0x00000000eac70a00}> (0x00000000eac70a00) 
thrown [s\src\hotspot\share\prims\jni.cpp, line 520]
Event: 499.111 Thread 0x0000020daa3d65d0 Exception <a 'sun/nio/fs/WindowsException'{0x00000000eac71980}> (0x00000000eac71980) 
thrown [s\src\hotspot\share\prims\jni.cpp, line 520]
Event: 499.111 Thread 0x0000020daa3d65d0 Exception <a 'sun/nio/fs/WindowsException'{0x00000000eac71fd0}> (0x00000000eac71fd0) 
thrown [s\src\hotspot\share\prims\jni.cpp, line 520]
Event: 499.118 Thread 0x0000020da2151e40 Exception <a 'sun/nio/fs/WindowsException'{0x00000000eacd1490}> (0x00000000eacd1490) 
thrown [s\src\hotspot\share\prims\jni.cpp, line 520]
Event: 499.118 Thread 0x0000020da2151e40 Exception <a 'sun/nio/fs/WindowsException'{0x00000000eacd1ae0}> (0x00000000eacd1ae0) 
thrown [s\src\hotspot\share\prims\jni.cpp, line 520]

ZGC Phase Switch (0 events):
No events

VM Operations (20 events):
Event: 541.466 Executing VM operation: HandshakeAllThreads (HandshakeForDeflation)
Event: 541.466 Executing VM operation: HandshakeAllThreads (HandshakeForDeflation) done
Event: 541.466 Executing VM operation: RendezvousGCThreads
Event: 541.466 Executing VM operation: RendezvousGCThreads done
Event: 562.700 Executing VM operation: ParallelGCFailedAllocation (Allocation Failure)
Event: 562.702 Executing VM operation: ParallelGCFailedAllocation (Allocation Failure) done
Event: 562.710 Executing VM operation: ParallelGCFailedAllocation (Allocation Failure)
Event: 562.711 Executing VM operation: ParallelGCFailedAllocation (Allocation Failure) done
Event: 562.716 Executing VM operation: ParallelGCFailedAllocation (Allocation Failure)
Event: 562.717 Executing VM operation: ParallelGCFailedAllocation (Allocation Failure) done
Event: 562.720 Executing VM operation: ParallelGCFailedAllocation (Allocation Failure)
Event: 562.721 Executing VM operation: ParallelGCFailedAllocation (Allocation Failure) done
Event: 562.722 Executing VM operation: ParallelGCFailedAllocation (Allocation Failure)
Event: 562.722 Executing VM operation: ParallelGCFailedAllocation (Allocation Failure) done
Event: 562.729 Executing VM operation: ParallelGCFailedAllocation (Allocation Failure)
Event: 562.730 Executing VM operation: ParallelGCFailedAllocation (Allocation Failure) done
Event: 563.056 Executing VM operation: ParallelGCFailedAllocation (Allocation Failure)
Event: 563.056 Executing VM operation: ParallelGCFailedAllocation (Allocation Failure) done
Event: 563.178 Executing VM operation: ParallelGCFailedAllocation (Allocation Failure)
Event: 563.179 Executing VM operation: ParallelGCFailedAllocation (Allocation Failure) done

Memory protections (0 events):
No events

Nmethod flushes (20 events):
Event: 253.035 Thread 0x0000020d4166e750 flushing  nmethod 0x0000020d456bf910
Event: 253.035 Thread 0x0000020d4166e750 flushing  nmethod 0x0000020d456c1d10
Event: 253.035 Thread 0x0000020d4166e750 flushing  nmethod 0x0000020d456c7310
Event: 253.035 Thread 0x0000020d4166e750 flushing  nmethod 0x0000020d456d8110
Event: 253.035 Thread 0x0000020d4166e750 flushing  nmethod 0x0000020d456df210
Event: 253.035 Thread 0x0000020d4166e750 flushing  nmethod 0x0000020d456e8990
Event: 253.035 Thread 0x0000020d4166e750 flushing osr nmethod 0x0000020d456fa590
Event: 253.035 Thread 0x0000020d4166e750 flushing  nmethod 0x0000020d45709710
Event: 253.035 Thread 0x0000020d4166e750 flushing  nmethod 0x0000020d4570e390
Event: 253.035 Thread 0x0000020d4166e750 flushing  nmethod 0x0000020d4571f990
Event: 253.035 Thread 0x0000020d4166e750 flushing  nmethod 0x0000020d45723410
Event: 253.035 Thread 0x0000020d4166e750 flushing  nmethod 0x0000020d45725090
Event: 253.035 Thread 0x0000020d4166e750 flushing  nmethod 0x0000020d45729510
Event: 253.035 Thread 0x0000020d4166e750 flushing  nmethod 0x0000020d4572cd90
Event: 253.035 Thread 0x0000020d4166e750 flushing  nmethod 0x0000020d4572de90
Event: 253.035 Thread 0x0000020d4166e750 flushing  nmethod 0x0000020d45762b90
Event: 253.035 Thread 0x0000020d4166e750 flushing  nmethod 0x0000020d4576a890
Event: 253.035 Thread 0x0000020d4166e750 flushing  nmethod 0x0000020d4577a810
Event: 253.035 Thread 0x0000020d4166e750 flushing  nmethod 0x0000020d45788e90
Event: 253.035 Thread 0x0000020d4166e750 flushing  nmethod 0x0000020d45791e90

Events (20 events):
Event: 481.915 Thread 0x0000020da214dca0 Thread added: 0x0000020da2153880
Event: 481.916 Thread 0x0000020da2153880 Thread added: 0x0000020da21524d0
Event: 481.922 Thread 0x0000020da21524d0 Thread added: 0x0000020da2153f10
Event: 482.127 Thread 0x0000020da2153880 Thread added: 0x0000020da21531f0
Event: 482.127 Thread 0x0000020da2153f10 Thread exited: 0x0000020da2153f10
Event: 482.243 Thread 0x0000020da21531f0 Thread added: 0x0000020da21545a0
Event: 482.243 Thread 0x0000020da21531f0 Thread exited: 0x0000020da21531f0
Event: 484.007 Thread 0x0000020da470be10 Thread exited: 0x0000020da470be10
Event: 490.979 Thread 0x0000020da21524d0 Thread exited: 0x0000020da21524d0
Event: 499.116 Thread 0x0000020da2153880 Thread added: 0x0000020da2151e40
Event: 499.119 Thread 0x0000020da2151e40 Thread added: 0x0000020da21531f0
Event: 499.327 Thread 0x0000020da2153880 Thread added: 0x0000020da2154c30
Event: 499.327 Thread 0x0000020da21531f0 Thread exited: 0x0000020da21531f0
Event: 499.402 Thread 0x0000020da2154c30 Thread exited: 0x0000020da2154c30
Event: 542.072 Thread 0x0000020d9ffd7490 Thread exited: 0x0000020d9ffd7490
Event: 542.072 Thread 0x0000020da2151120 Thread exited: 0x0000020da2151120
Event: 544.019 Thread 0x0000020da470aa60 Thread exited: 0x0000020da470aa60
Event: 554.528 Thread 0x0000020da2151e40 Thread exited: 0x0000020da2151e40
Event: 562.714 Thread 0x0000020d982981f0 Thread added: 0x0000020d9f065ac0
Event: 563.007 Thread 0x0000020d9f065ac0 Thread exited: 0x0000020d9f065ac0


Dynamic libraries:
0x00007ff781640000 - 0x00007ff78164e000 	c:\Users\Admin\.vscode\extensions\redhat.java-1.41.1-win32-x64\jre\21.0.6-win32-x86_64\bin\java.exe
0x00007fff17620000 - 0x00007fff17886000 	C:\WINDOWS\SYSTEM32\ntdll.dll
0x00007fff15740000 - 0x00007fff15809000 	C:\WINDOWS\System32\KERNEL32.DLL
0x00007fff14c90000 - 0x00007fff1505c000 	C:\WINDOWS\System32\KERNELBASE.dll
0x00007fff147e0000 - 0x00007fff1492b000 	C:\WINDOWS\System32\ucrtbase.dll
0x00007fff09850000 - 0x00007fff09868000 	c:\Users\Admin\.vscode\extensions\redhat.java-1.41.1-win32-x64\jre\21.0.6-win32-x86_64\bin\jli.dll
0x00007ffefc7f0000 - 0x00007ffefc80e000 	c:\Users\Admin\.vscode\extensions\redhat.java-1.41.1-win32-x64\jre\21.0.6-win32-x86_64\bin\VCRUNTIME140.dll
0x00007fff15f80000 - 0x00007fff1614a000 	C:\WINDOWS\System32\USER32.dll
0x00007ffef86c0000 - 0x00007ffef895a000 	C:\WINDOWS\WinSxS\amd64_microsoft.windows.common-controls_6595b64144ccf1df_6.0.26100.3912_none_3e07963ce335137e\COMCTL32.dll
0x00007fff147b0000 - 0x00007fff147d7000 	C:\WINDOWS\System32\win32u.dll
0x00007fff16830000 - 0x00007fff168d9000 	C:\WINDOWS\System32\msvcrt.dll
0x00007fff17520000 - 0x00007fff1754b000 	C:\WINDOWS\System32\GDI32.dll
0x00007fff15060000 - 0x00007fff15192000 	C:\WINDOWS\System32\gdi32full.dll
0x00007fff14be0000 - 0x00007fff14c83000 	C:\WINDOWS\System32\msvcp_win.dll
0x00007fff17560000 - 0x00007fff17590000 	C:\WINDOWS\System32\IMM32.DLL
0x00007fff109a0000 - 0x00007fff109ac000 	c:\Users\Admin\.vscode\extensions\redhat.java-1.41.1-win32-x64\jre\21.0.6-win32-x86_64\bin\vcruntime140_1.dll
0x00007ffecc080000 - 0x00007ffecc10d000 	c:\Users\Admin\.vscode\extensions\redhat.java-1.41.1-win32-x64\jre\21.0.6-win32-x86_64\bin\msvcp140.dll
0x00007ffea27c0000 - 0x00007ffea3550000 	c:\Users\Admin\.vscode\extensions\redhat.java-1.41.1-win32-x64\jre\21.0.6-win32-x86_64\bin\server\jvm.dll
0x00007fff16770000 - 0x00007fff16822000 	C:\WINDOWS\System32\ADVAPI32.dll
0x00007fff15810000 - 0x00007fff158b6000 	C:\WINDOWS\System32\sechost.dll
0x00007fff15d50000 - 0x00007fff15e66000 	C:\WINDOWS\System32\RPCRT4.dll
0x00007fff16690000 - 0x00007fff16704000 	C:\WINDOWS\System32\WS2_32.dll
0x00007fff133b0000 - 0x00007fff1340e000 	C:\WINDOWS\SYSTEM32\POWRPROF.dll
0x00007fff0bd00000 - 0x00007fff0bd36000 	C:\WINDOWS\SYSTEM32\WINMM.dll
0x00007fff03210000 - 0x00007fff0321b000 	C:\WINDOWS\SYSTEM32\VERSION.dll
0x00007fff13390000 - 0x00007fff133a4000 	C:\WINDOWS\SYSTEM32\UMPDC.dll
0x00007fff13670000 - 0x00007fff1368a000 	C:\WINDOWS\SYSTEM32\kernel.appcore.dll
0x00007fff10980000 - 0x00007fff1098a000 	c:\Users\Admin\.vscode\extensions\redhat.java-1.41.1-win32-x64\jre\21.0.6-win32-x86_64\bin\jimage.dll
0x00007fff11620000 - 0x00007fff11861000 	C:\WINDOWS\SYSTEM32\DBGHELP.DLL
0x00007fff17110000 - 0x00007fff17494000 	C:\WINDOWS\System32\combase.dll
0x00007fff153e0000 - 0x00007fff154c0000 	C:\WINDOWS\System32\OLEAUT32.dll
0x00007fff0a560000 - 0x00007fff0a599000 	C:\WINDOWS\SYSTEM32\dbgcore.DLL
0x00007fff14930000 - 0x00007fff149c9000 	C:\WINDOWS\System32\bcryptPrimitives.dll
0x00007fff0d980000 - 0x00007fff0d98f000 	c:\Users\Admin\.vscode\extensions\redhat.java-1.41.1-win32-x64\jre\21.0.6-win32-x86_64\bin\instrument.dll
0x00007ffef3910000 - 0x00007ffef392f000 	c:\Users\Admin\.vscode\extensions\redhat.java-1.41.1-win32-x64\jre\21.0.6-win32-x86_64\bin\java.dll
0x00007fff16970000 - 0x00007fff1709d000 	C:\WINDOWS\System32\SHELL32.dll
0x00007fff149d0000 - 0x00007fff14b44000 	C:\WINDOWS\System32\wintypes.dll
0x00007fff12420000 - 0x00007fff12c76000 	C:\WINDOWS\SYSTEM32\windows.storage.dll
0x00007fff15640000 - 0x00007fff1572f000 	C:\WINDOWS\System32\SHCORE.dll
0x00007fff170a0000 - 0x00007fff17109000 	C:\WINDOWS\System32\shlwapi.dll
0x00007fff146c0000 - 0x00007fff146ef000 	C:\WINDOWS\SYSTEM32\profapi.dll
0x00007ffeea6b0000 - 0x00007ffeea6c8000 	c:\Users\Admin\.vscode\extensions\redhat.java-1.41.1-win32-x64\jre\21.0.6-win32-x86_64\bin\zip.dll
0x00007fff0b900000 - 0x00007fff0b910000 	C:\Users\Admin\.vscode\extensions\redhat.java-1.41.1-win32-x64\jre\21.0.6-win32-x86_64\bin\net.dll
0x00007fff05dc0000 - 0x00007fff05ede000 	C:\WINDOWS\SYSTEM32\WINHTTP.dll
0x00007fff13c00000 - 0x00007fff13c6a000 	C:\WINDOWS\system32\mswsock.dll
0x00007ffee7b50000 - 0x00007ffee7b66000 	C:\Users\Admin\.vscode\extensions\redhat.java-1.41.1-win32-x64\jre\21.0.6-win32-x86_64\bin\nio.dll
0x00007fff0b880000 - 0x00007fff0b890000 	c:\Users\Admin\.vscode\extensions\redhat.java-1.41.1-win32-x64\jre\21.0.6-win32-x86_64\bin\verify.dll
0x00007ffeced30000 - 0x00007ffeced75000 	C:\Users\Admin\AppData\Roaming\Code\User\globalStorage\redhat.java\1.41.1\config_win\org.eclipse.equinox.launcher\org.eclipse.equinox.launcher.win32.win32.x86_64_1.2.1300.v20250331-1702\eclipse_11911.dll
0x00007fff16390000 - 0x00007fff1652f000 	C:\WINDOWS\System32\ole32.dll
0x00007fff0a9a0000 - 0x00007fff0a9aa000 	C:\Users\Admin\.vscode\extensions\redhat.java-1.41.1-win32-x64\jre\21.0.6-win32-x86_64\bin\management.dll
0x00007fff0a720000 - 0x00007fff0a72b000 	C:\Users\Admin\.vscode\extensions\redhat.java-1.41.1-win32-x64\jre\21.0.6-win32-x86_64\bin\management_ext.dll
0x00007fff15e70000 - 0x00007fff15e78000 	C:\WINDOWS\System32\PSAPI.DLL
0x00007fff13eb0000 - 0x00007fff13ecc000 	C:\WINDOWS\SYSTEM32\CRYPTSP.dll
0x00007fff135d0000 - 0x00007fff1360a000 	C:\WINDOWS\system32\rsaenh.dll
0x00007fff13ca0000 - 0x00007fff13ccb000 	C:\WINDOWS\SYSTEM32\USERENV.dll
0x00007fff14690000 - 0x00007fff146b6000 	C:\WINDOWS\SYSTEM32\bcrypt.dll
0x00007fff13ea0000 - 0x00007fff13eac000 	C:\WINDOWS\SYSTEM32\CRYPTBASE.dll
0x00007fff12ff0000 - 0x00007fff13023000 	C:\WINDOWS\SYSTEM32\IPHLPAPI.DLL
0x00007fff17550000 - 0x00007fff1755a000 	C:\WINDOWS\System32\NSI.dll
0x00007ffecbfb0000 - 0x00007ffecbff9000 	C:\Users\Admin\AppData\Local\Temp\jna-63116079\jna5552426225255276531.dll
0x00007fff05d50000 - 0x00007fff05d6f000 	C:\WINDOWS\SYSTEM32\dhcpcsvc6.DLL
0x00007fff05d20000 - 0x00007fff05d45000 	C:\WINDOWS\SYSTEM32\dhcpcsvc.DLL
0x00007fff09c20000 - 0x00007fff09c2e000 	C:\Users\Admin\.vscode\extensions\redhat.java-1.41.1-win32-x64\jre\21.0.6-win32-x86_64\bin\sunmscapi.dll
0x00007fff151a0000 - 0x00007fff15317000 	C:\WINDOWS\System32\CRYPT32.dll
0x00007fff140b0000 - 0x00007fff140e0000 	C:\WINDOWS\SYSTEM32\ncrypt.dll
0x00007fff14060000 - 0x00007fff1409f000 	C:\WINDOWS\SYSTEM32\NTASN1.dll
0x00007fff130e0000 - 0x00007fff13207000 	C:\WINDOWS\SYSTEM32\DNSAPI.dll
0x00007fff04230000 - 0x00007fff0423b000 	C:\Windows\System32\rasadhlp.dll
0x00007fff05580000 - 0x00007fff05606000 	C:\WINDOWS\System32\fwpuclnt.dll
0x00007fff09b90000 - 0x00007fff09b99000 	C:\Users\Admin\.vscode\extensions\redhat.java-1.41.1-win32-x64\jre\21.0.6-win32-x86_64\bin\extnet.dll

dbghelp: loaded successfully - version: 4.0.5 - missing functions: none
symbol engine: initialized successfully - sym options: 0x614 - pdb path: .;c:\Users\Admin\.vscode\extensions\redhat.java-1.41.1-win32-x64\jre\21.0.6-win32-x86_64\bin;C:\WINDOWS\SYSTEM32;C:\WINDOWS\WinSxS\amd64_microsoft.windows.common-controls_6595b64144ccf1df_6.0.26100.3912_none_3e07963ce335137e;c:\Users\Admin\.vscode\extensions\redhat.java-1.41.1-win32-x64\jre\21.0.6-win32-x86_64\bin\server;C:\Users\Admin\AppData\Roaming\Code\User\globalStorage\redhat.java\1.41.1\config_win\org.eclipse.equinox.launcher\org.eclipse.equinox.launcher.win32.win32.x86_64_1.2.1300.v20250331-1702;C:\Users\Admin\AppData\Local\Temp\jna-63116079

VM Arguments:
jvm_args: --add-modules=ALL-SYSTEM --add-opens=java.base/java.util=ALL-UNNAMED --add-opens=java.base/java.lang=ALL-UNNAMED --add-opens=java.base/sun.nio.fs=ALL-UNNAMED -Declipse.application=org.eclipse.jdt.ls.core.id1 -Dosgi.bundles.defaultStartLevel=4 -Declipse.product=org.eclipse.jdt.ls.core.product -Djava.import.generatesMetadataFilesAtProjectRoot=false -DDetectVMInstallationsJob.disabled=true -Dfile.encoding=utf8 -XX:+UseParallelGC -XX:GCTimeRatio=4 -XX:AdaptiveSizePolicyWeight=90 -Dsun.zip.disableMemoryMapping=true -Xmx1G -Xms100m -Xlog:disable -javaagent:c:\Users\Admin\.vscode\extensions\redhat.java-1.41.1-win32-x64\lombok\lombok-1.18.36.jar -XX:+HeapDumpOnOutOfMemoryError -XX:HeapDumpPath=c:\Users\Admin\AppData\Roaming\Code\User\workspaceStorage\d55681dca5a2d117a1276186af68cbd8\redhat.java -Daether.dependencyCollector.impl=bf 
java_command: c:\Users\Admin\.vscode\extensions\redhat.java-1.41.1-win32-x64\server\plugins\org.eclipse.equinox.launcher_1.7.0.v20250331-1702.jar -configuration c:\Users\Admin\AppData\Roaming\Code\User\globalStorage\redhat.java\1.41.1\config_win -data c:\Users\Admin\AppData\Roaming\Code\User\workspaceStorage\d55681dca5a2d117a1276186af68cbd8\redhat.java\jdt_ws --pipe=\\.\pipe\lsp-95c81160ed7ace31d9d42c40b6ebda7a-sock
java_class_path (initial): c:\Users\Admin\.vscode\extensions\redhat.java-1.41.1-win32-x64\server\plugins\org.eclipse.equinox.launcher_1.7.0.v20250331-1702.jar
Launcher Type: SUN_STANDARD

[Global flags]
    uintx AdaptiveSizePolicyWeight                 = 90                                        {product} {command line}
     intx CICompilerCount                          = 12                                        {product} {ergonomic}
    uintx GCTimeRatio                              = 4                                         {product} {command line}
     bool HeapDumpOnOutOfMemoryError               = true                                   {manageable} {command line}
    ccstr HeapDumpPath                             = c:\Users\Admin\AppData\Roaming\Code\User\workspaceStorage\d55681dca5a2d117a1276186af68cbd8\redhat.java         {manageable} {command line}
   size_t InitialHeapSize                          = 104857600                                 {product} {command line}
   size_t MaxHeapSize                              = 1073741824                                {product} {command line}
   size_t MaxNewSize                               = 357564416                                 {product} {ergonomic}
   size_t MinHeapDeltaBytes                        = 524288                                    {product} {ergonomic}
   size_t MinHeapSize                              = 104857600                                 {product} {command line}
   size_t NewSize                                  = 34603008                                  {product} {ergonomic}
    uintx NonNMethodCodeHeapSize                   = 7602480                                {pd product} {ergonomic}
    uintx NonProfiledCodeHeapSize                  = 122027880                              {pd product} {ergonomic}
   size_t OldSize                                  = 70254592                                  {product} {ergonomic}
    uintx ProfiledCodeHeapSize                     = 122027880                              {pd product} {ergonomic}
    uintx ReservedCodeCacheSize                    = 251658240                              {pd product} {ergonomic}
     bool SegmentedCodeCache                       = true                                      {product} {ergonomic}
   size_t SoftMaxHeapSize                          = 1073741824                             {manageable} {ergonomic}
     bool UseCompressedOops                        = true                           {product lp64_product} {ergonomic}
     bool UseLargePagesIndividualAllocation        = false                                  {pd product} {ergonomic}
     bool UseParallelGC                            = true                                      {product} {command line}

Logging:
Log output configuration:
 #0: stdout all=off uptime,level,tags foldmultilines=false
 #1: stderr all=off uptime,level,tags foldmultilines=false

Environment Variables:
PATH=C:\Program Files\Google\Chrome\Application;C:\ProgramData\Oracle\Java\javapath;C:\WINDOWS\system32;C:\WINDOWS;C:\WINDOWS\System32\Wbem;C:\WINDOWS\System32\WindowsPowerShell\v1.0\;C:\WINDOWS\System32\OpenSSH\;C:\Program Files\NVIDIA Corporation\NVIDIA App\NvDLISR;C:\Program Files (x86)\NVIDIA Corporation\PhysX\Common;C:\Program Files\Cloudflare\Cloudflare WARP\;C:\Program Files (x86)\Heavyocity\Heavyocity Portal;C:\Program Files\Git\cmd;C:\Users\Admin\AppData\Local\Microsoft\WindowsApps;C:\Users\Admin\AppData\Local\Programs\Microsoft VS Code\bin;C:\Users\Admin\AppData\Local\GitHubDesktop\bin;C:\Users\Admin\AppData\Local\Programs\cursor\resources\app\bin
USERNAME=Admin
OS=Windows_NT
PROCESSOR_IDENTIFIER=Intel64 Family 6 Model 183 Stepping 1, GenuineIntel
TMP=C:\Users\Admin\AppData\Local\Temp
TEMP=C:\Users\Admin\AppData\Local\Temp




Periodic native trim disabled

---------------  S Y S T E M  ---------------

OS:
 Windows 11 , 64 bit Build 26100 (10.0.26100.3912)
OS uptime: 0 days 20:41 hours
Hyper-V role detected

CPU: total 28 (initial active 28) (14 cores per cpu, 2 threads per core) family 6 model 183 stepping 1 microcode 0x123, cx8, cmov, fxsr, ht, mmx, 3dnowpref, sse, sse2, sse3, ssse3, sse4.1, sse4.2, popcnt, lzcnt, tsc, tscinvbit, avx, avx2, aes, erms, clmul, bmi1, bmi2, adx, sha, fma, vzeroupper, clflush, clflushopt, clwb, hv, serialize, rdtscp, rdpid, fsrm, f16c, cet_ibt, cet_ss
Processor Information for the first 28 processors :
  Max Mhz: 2100, Current Mhz: 2100, Mhz Limit: 2100

Memory: 4k page, system-wide physical 32475M (22271M free)
TotalPageFile size 34523M (AvailPageFile size 23485M)
current process WorkingSet (physical memory assigned to process): 891M, peak: 933M
current process commit charge ("private bytes"): 947M, peak: 990M

vm_info: OpenJDK 64-Bit Server VM (21.0.6+7-LTS) for windows-amd64 JRE (21.0.6+7-LTS), built on 2025-01-21T00:00:00Z by "admin" with MS VC++ 17.7 (VS2022)

END.
